#
# There is insufficient memory for the Java Runtime Environment to continue.
# Native memory allocation (mmap) failed to map 134217728 bytes. Error detail: G1 virtual space
# Possible reasons:
#   The system is out of physical RAM or swap space
#   This process is running with CompressedOops enabled, and the Java Heap may be blocking the growth of the native heap
# Possible solutions:
#   Reduce memory load on the system
#   Increase physical memory or swap space
#   Check if swap backing store is full
#   Decrease Java heap size (-Xmx/-Xms)
#   Decrease number of Java threads
#   Decrease Java thread stack sizes (-Xss)
#   Set larger code cache with -XX:ReservedCodeCacheSize=
#   JVM is running with Unscaled Compressed Oops mode in which the Java heap is
#     placed in the first 4GB address space. The Java Heap base address is the
#     maximum limit for the native heap growth. Please use -XX:HeapBaseMinAddress
#     to set the Java Heap base and to place the Java Heap above 4GB virtual address.
# This output file may be truncated or incomplete.
#
#  Out of Memory Error (os_windows.cpp:3631), pid=26116, tid=4348
#
# JRE version:  (22.0.1+8) (build )
# Java VM: OpenJDK 64-Bit Server VM (22.0.1+8-16, mixed mode, sharing, tiered, compressed oops, compressed class ptrs, g1 gc, windows-amd64)
# No core dump will be written. Minidumps are not enabled by default on client versions of Windows
#

---------------  S U M M A R Y ------------

Command Line: -Dnet.bytebuddy.agent.attacher.dump= net.bytebuddy.agent.Attacher com.sun.tools.attach.VirtualMachine 15048 C:\Users\Usuario\.m2\repository\net\bytebuddy\byte-buddy-agent\1.14.13\byte-buddy-agent-1.14.13.jar false 

Host: Intel(R) Core(TM) i5-8250U CPU @ 1.60GHz, 8 cores, 7G,  Windows 11 , 64 bit Build 22000 (10.0.22000.2538)
Time: Tue May  7 14:30:38 2024 Hora de verano romance elapsed time: 0.016805 seconds (0d 0h 0m 0s)

---------------  T H R E A D  ---------------

Current thread (0x000001f4c0547740):  JavaThread "Unknown thread" [_thread_in_vm, id=4348, stack(0x000000d9bbe00000,0x000000d9bbf00000) (1024K)]

Stack: [0x000000d9bbe00000,0x000000d9bbf00000]
Native frames: (J=compiled Java code, j=interpreted, Vv=VM code, C=native code)
V  [jvm.dll+0x6e2279]  (no source info available)
V  [jvm.dll+0x874e33]  (no source info available)
V  [jvm.dll+0x87725e]  (no source info available)
V  [jvm.dll+0x877933]  (no source info available)
V  [jvm.dll+0x27fd76]  (no source info available)
V  [jvm.dll+0x6de915]  (no source info available)
V  [jvm.dll+0x6d341a]  (no source info available)
V  [jvm.dll+0x3589da]  (no source info available)
V  [jvm.dll+0x360f06]  (no source info available)
V  [jvm.dll+0x3b3e2e]  (no source info available)
V  [jvm.dll+0x3b40d8]  (no source info available)
V  [jvm.dll+0x32c59c]  (no source info available)
V  [jvm.dll+0x32d158]  (no source info available)
V  [jvm.dll+0x83ccdc]  (no source info available)
V  [jvm.dll+0x3c0d71]  (no source info available)
V  [jvm.dll+0x825ccc]  (no source info available)
V  [jvm.dll+0x45b8fe]  (no source info available)
V  [jvm.dll+0x45d781]  (no source info available)
C  [jli.dll+0x52a3]  (no source info available)
C  [ucrtbase.dll+0x26c0c]  (no source info available)
C  [KERNEL32.DLL+0x153e0]  (no source info available)
C  [ntdll.dll+0x485b]  (no source info available)


---------------  P R O C E S S  ---------------

Threads class SMR info:
_java_thread_list=0x00007ff984d5b1c8, length=0, elements={
}

Java Threads: ( => current thread )
Total: 0

Other Threads:
  0x000001f4c05a0eb0 WorkerThread "GC Thread#0"                     [id=13720, stack(0x000000d9bbf00000,0x000000d9bc000000) (1024K)]
  0x000001f4c05ef010 ConcurrentGCThread "G1 Main Marker"            [id=33076, stack(0x000000d9bc000000,0x000000d9bc100000) (1024K)]
  0x000001f4c05f0230 WorkerThread "G1 Conc#0"                       [id=9528, stack(0x000000d9bc100000,0x000000d9bc200000) (1024K)]

[error occurred during error reporting (printing all threads), id 0xc0000005, EXCEPTION_ACCESS_VIOLATION (0xc0000005) at pc=0x00007ff9844af367]
VM state: not at safepoint (not fully initialized)

VM Mutex/Monitor currently owned by a thread:  ([mutex/lock_event])
[0x00007ff984ddbcb8] Heap_lock - owner thread: 0x000001f4c0547740

Heap address: 0x0000000081400000, size: 2028 MB, Compressed Oops mode: 32-bit

CDS archive(s) mapped at: [0x0000000000000000-0x0000000000000000-0x0000000000000000), size 0, SharedBaseAddress: 0x0000000800000000, ArchiveRelocationMode: 1.
Narrow klass base: 0x0000000000000000, Narrow klass shift: 0, Narrow klass range: 0x0

GC Precious Log:
 CardTable entry size: 512
 Card Set container configuration: InlinePtr #cards 5 size 8 Array Of Cards #cards 12 size 40 Howl #buckets 4 coarsen threshold 1843 Howl Bitmap #cards 512 size 80 coarsen threshold 460 Card regions per heap region 1 cards per card region 2048

Heap:
 garbage-first heap   total reserved 2076672K, committed 0K, used 0K [0x0000000081400000, 0x0000000100000000)
  region size 1024K, 0 young (0K), 0 survivors (0K)

[error occurred during error reporting (printing heap information), id 0xc0000005, EXCEPTION_ACCESS_VIOLATION (0xc0000005) at pc=0x00007ff9848ae429]
GC Heap History (0 events):
No events

Dll operation events (1 events):
Event: 0.009 Loaded shared library C:\Users\Usuario\.jdks\openjdk-22.0.1\bin\java.dll

Deoptimization events (0 events):
No events

Classes loaded (0 events):
No events

Classes unloaded (0 events):
No events

Classes redefined (0 events):
No events

Internal exceptions (0 events):
No events

ZGC Phase Switch (0 events):
No events

VM Operations (0 events):
No events

Events (0 events):
No events


Dynamic libraries:
0x00007ff75f510000 - 0x00007ff75f51e000 	C:\Users\Usuario\.jdks\openjdk-22.0.1\bin\java.exe
0x00007ff9f5fe0000 - 0x00007ff9f61e9000 	C:\WINDOWS\SYSTEM32\ntdll.dll
0x00007ff9f4b40000 - 0x00007ff9f4bfd000 	C:\WINDOWS\System32\KERNEL32.DLL
0x00007ff9f3aa0000 - 0x00007ff9f3e24000 	C:\WINDOWS\System32\KERNELBASE.dll
0x00007ff9f3470000 - 0x00007ff9f3581000 	C:\WINDOWS\System32\ucrtbase.dll
0x00007ff9ee0b0000 - 0x00007ff9ee0c7000 	C:\Users\Usuario\.jdks\openjdk-22.0.1\bin\jli.dll
0x00007ff9eeb50000 - 0x00007ff9eeb6b000 	C:\Users\Usuario\.jdks\openjdk-22.0.1\bin\VCRUNTIME140.dll
0x00007ff9f4780000 - 0x00007ff9f492d000 	C:\WINDOWS\System32\USER32.dll
0x00007ff9f3a70000 - 0x00007ff9f3a96000 	C:\WINDOWS\System32\win32u.dll
0x00007ff9ccaa0000 - 0x00007ff9ccd45000 	C:\WINDOWS\WinSxS\amd64_microsoft.windows.common-controls_6595b64144ccf1df_6.0.22000.120_none_9d947278b86cc467\COMCTL32.dll
0x00007ff9f4460000 - 0x00007ff9f448a000 	C:\WINDOWS\System32\GDI32.dll
0x00007ff9f4930000 - 0x00007ff9f49d3000 	C:\WINDOWS\System32\msvcrt.dll
0x00007ff9f38b0000 - 0x00007ff9f39ce000 	C:\WINDOWS\System32\gdi32full.dll
0x00007ff9f39d0000 - 0x00007ff9f3a6d000 	C:\WINDOWS\System32\msvcp_win.dll
0x00007ff9f4a90000 - 0x00007ff9f4ac1000 	C:\WINDOWS\System32\IMM32.DLL
0x00007ff9eeb90000 - 0x00007ff9eeb9c000 	C:\Users\Usuario\.jdks\openjdk-22.0.1\bin\vcruntime140_1.dll
0x00007ff9da390000 - 0x00007ff9da41e000 	C:\Users\Usuario\.jdks\openjdk-22.0.1\bin\msvcp140.dll
0x00007ff984170000 - 0x00007ff984eb7000 	C:\Users\Usuario\.jdks\openjdk-22.0.1\bin\server\jvm.dll
0x00007ff9f5d50000 - 0x00007ff9f5dfe000 	C:\WINDOWS\System32\ADVAPI32.dll
0x00007ff9f4570000 - 0x00007ff9f460e000 	C:\WINDOWS\System32\sechost.dll
0x00007ff9f5660000 - 0x00007ff9f5781000 	C:\WINDOWS\System32\RPCRT4.dll
0x00007ff9f4c00000 - 0x00007ff9f4c6f000 	C:\WINDOWS\System32\WS2_32.dll
0x00007ff9f1dd0000 - 0x00007ff9f1e1d000 	C:\WINDOWS\SYSTEM32\POWRPROF.dll
0x00007ff9ee3b0000 - 0x00007ff9ee3e3000 	C:\WINDOWS\SYSTEM32\WINMM.dll
0x00007ff9ec260000 - 0x00007ff9ec26a000 	C:\WINDOWS\SYSTEM32\VERSION.dll
0x00007ff9f1f00000 - 0x00007ff9f1f13000 	C:\WINDOWS\SYSTEM32\UMPDC.dll
0x00007ff9f25d0000 - 0x00007ff9f25e8000 	C:\WINDOWS\SYSTEM32\kernel.appcore.dll
0x00007ff9ee990000 - 0x00007ff9ee99a000 	C:\Users\Usuario\.jdks\openjdk-22.0.1\bin\jimage.dll
0x00007ff9f0f20000 - 0x00007ff9f1141000 	C:\WINDOWS\SYSTEM32\DBGHELP.DLL
0x00007ff9ec540000 - 0x00007ff9ec571000 	C:\WINDOWS\SYSTEM32\dbgcore.DLL
0x00007ff9f3590000 - 0x00007ff9f360f000 	C:\WINDOWS\System32\bcryptPrimitives.dll
0x00007ff9ec1e0000 - 0x00007ff9ec1fe000 	C:\Users\Usuario\.jdks\openjdk-22.0.1\bin\java.dll
0x00007ff9f4e30000 - 0x00007ff9f55f5000 	C:\WINDOWS\System32\SHELL32.dll
0x00007ff9f5e00000 - 0x00007ff9f5f9a000 	C:\WINDOWS\System32\ole32.dll
0x00007ff9f58e0000 - 0x00007ff9f5c56000 	C:\WINDOWS\System32\combase.dll

dbghelp: loaded successfully - version: 4.0.5 - missing functions: none
symbol engine: initialized successfully - sym options: 0x614 - pdb path: .;C:\Users\Usuario\.jdks\openjdk-22.0.1\bin;C:\WINDOWS\SYSTEM32;C:\WINDOWS\WinSxS\amd64_microsoft.windows.common-controls_6595b64144ccf1df_6.0.22000.120_none_9d947278b86cc467;C:\Users\Usuario\.jdks\openjdk-22.0.1\bin\server

VM Arguments:
jvm_args: -Dnet.bytebuddy.agent.attacher.dump= 
java_command: net.bytebuddy.agent.Attacher com.sun.tools.attach.VirtualMachine 15048 C:\Users\Usuario\.m2\repository\net\bytebuddy\byte-buddy-agent\1.14.13\byte-buddy-agent-1.14.13.jar false 
java_class_path (initial): C:\Users\Usuario\.m2\repository\net\bytebuddy\byte-buddy-agent\1.14.13\byte-buddy-agent-1.14.13.jar
Launcher Type: SUN_STANDARD

[Global flags]
     intx CICompilerCount                          = 4                                         {product} {ergonomic}
     uint ConcGCThreads                            = 2                                         {product} {ergonomic}
     uint G1ConcRefinementThreads                  = 8                                         {product} {ergonomic}
   size_t G1HeapRegionSize                         = 1048576                                   {product} {ergonomic}
   size_t InitialHeapSize                          = 134217728                                 {product} {ergonomic}
   size_t MarkStackSize                            = 4194304                                   {product} {ergonomic}
   size_t MaxHeapSize                              = 2126512128                                {product} {ergonomic}
   size_t MinHeapDeltaBytes                        = 1048576                                   {product} {ergonomic}
   size_t MinHeapSize                              = 8388608                                   {product} {ergonomic}
    uintx NonNMethodCodeHeapSize                   = 5839372                                {pd product} {ergonomic}
    uintx NonProfiledCodeHeapSize                  = 122909434                              {pd product} {ergonomic}
    uintx ProfiledCodeHeapSize                     = 122909434                              {pd product} {ergonomic}
    uintx ReservedCodeCacheSize                    = 251658240                              {pd product} {ergonomic}
     bool SegmentedCodeCache                       = true                                      {product} {ergonomic}
   size_t SoftMaxHeapSize                          = 2126512128                             {manageable} {ergonomic}
     bool UseCompressedOops                        = true                           {product lp64_product} {ergonomic}
     bool UseG1GC                                  = true                                      {product} {ergonomic}
     bool UseLargePagesIndividualAllocation        = false                                  {pd product} {ergonomic}

Logging:
Log output configuration:
 #0: stdout all=warning uptime,level,tags foldmultilines=false
 #1: stderr all=off uptime,level,tags foldmultilines=false

Environment Variables:
PATH=C:\oraclexe\app\oracle\product\11.2.0\server\bin;C:\Program Files (x86)\Common Files\Oracle\Java\javapath;C:\WINDOWS\system32;C:\WINDOWS;C:\WINDOWS\System32\Wbem;C:\WINDOWS\System32\WindowsPowerShell\v1.0\;C:\WINDOWS\System32\OpenSSH\;C:\Program Files\dotnet\;C:\Program Files\Microsoft SQL Server\130\Tools\Binn\;C:\wamp64\bin\php\php7.3.21\;C:\Users\Usuario\AppData\Local\Microsoft\WindowsApps
USERNAME=Usuario
OS=Windows_NT
PROCESSOR_IDENTIFIER=Intel64 Family 6 Model 142 Stepping 10, GenuineIntel
TMP=C:\Users\Usuario\AppData\Local\Temp
TEMP=C:\Users\Usuario\AppData\Local\Temp




Periodic native trim disabled

---------------  S Y S T E M  ---------------

OS:
 Windows 11 , 64 bit Build 22000 (10.0.22000.2538)
OS uptime: 168 days 9:11 hours

CPU: total 8 (initial active 8) (4 cores per cpu, 2 threads per core) family 6 model 142 stepping 10 microcode 0xe0, cx8, cmov, fxsr, ht, mmx, 3dnowpref, sse, sse2, sse3, ssse3, sse4.1, sse4.2, popcnt, lzcnt, tsc, tscinvbit, avx, avx2, aes, erms, clmul, bmi1, bmi2, adx, fma, vzeroupper, clflush, clflushopt, rdtscp, f16c
Processor Information for all 8 processors :
  Max Mhz: 1801, Current Mhz: 1801, Mhz Limit: 1801

Memory: 4k page, system-wide physical 8107M (384M free)
TotalPageFile size 32683M (AvailPageFile size 3M)
current process WorkingSet (physical memory assigned to process): 11M, peak: 11M
current process commit charge ("private bytes"): 60M, peak: 188M

vm_info: OpenJDK 64-Bit Server VM (22.0.1+8-16) for windows-amd64 JRE (22.0.1+8-16), built on 2024-03-12T10:33:16Z by "mach5one" with MS VC++ 17.6 (VS2022)

END.
