#
# There is insufficient memory for the Java Runtime Environment to continue.
# Native memory allocation (malloc) failed to allocate 267696 bytes. Error detail: Chunk::new
# Possible reasons:
#   The system is out of physical RAM or swap space
#   This process is running with CompressedOops enabled, and the Java Heap may be blocking the growth of the native heap
# Possible solutions:
#   Reduce memory load on the system
#   Increase physical memory or swap space
#   Check if swap backing store is full
#   Decrease Java heap size (-Xmx/-Xms)
#   Decrease number of Java threads
#   Decrease Java thread stack sizes (-Xss)
#   Set larger code cache with -XX:ReservedCodeCacheSize=
#   JVM is running with Unscaled Compressed Oops mode in which the Java heap is
#     placed in the first 4GB address space. The Java Heap base address is the
#     maximum limit for the native heap growth. Please use -XX:HeapBaseMinAddress
#     to set the Java Heap base and to place the Java Heap above 4GB virtual address.
# This output file may be truncated or incomplete.
#
#  Out of Memory Error (arena.cpp:150), pid=32568, tid=15812
#
# JRE version: OpenJDK Runtime Environment (22.0.1+8) (build 22.0.1+8-16)
# Java VM: OpenJDK 64-Bit Server VM (22.0.1+8-16, mixed mode, sharing, tiered, compressed oops, compressed class ptrs, g1 gc, windows-amd64)
# No core dump will be written. Minidumps are not enabled by default on client versions of Windows
#

---------------  S U M M A R Y ------------

Command Line: -ea -Didea.test.cyclic.buffer.size=1048576 -javaagent:C:\Program Files\JetBrains\IntelliJ IDEA 2024.1\lib\idea_rt.jar=65018:C:\Program Files\JetBrains\IntelliJ IDEA 2024.1\bin -Dfile.encoding=UTF-8 -Dsun.stdout.encoding=UTF-8 -Dsun.stderr.encoding=UTF-8 com.intellij.rt.junit.JUnitStarter -ideVersion5 -junit5 com.example.prueba_alten.superhero.adapter.in.controller.SuperHeroControllerTest,testUpdateSuperHero

Host: Intel(R) Core(TM) i5-8250U CPU @ 1.60GHz, 8 cores, 7G,  Windows 11 , 64 bit Build 22000 (10.0.22000.2538)
Time: Tue May  7 14:30:58 2024 Hora de verano romance elapsed time: 3.217441 seconds (0d 0h 0m 3s)

---------------  T H R E A D  ---------------

Current thread (0x00000255215dc780):  JavaThread "C2 CompilerThread0" daemon [_thread_in_native, id=15812, stack(0x000000fa3ff00000,0x000000fa40000000) (1024K)]


Current CompileTask:
C2:3217 1412       4       java.util.jar.JarFile::getVersionedEntry (133 bytes)

Stack: [0x000000fa3ff00000,0x000000fa40000000]
Native frames: (J=compiled Java code, j=interpreted, Vv=VM code, C=native code)
V  [jvm.dll+0x6e2279]  (no source info available)
V  [jvm.dll+0x874e33]  (no source info available)
V  [jvm.dll+0x87725e]  (no source info available)
V  [jvm.dll+0x877933]  (no source info available)
V  [jvm.dll+0x27fd76]  (no source info available)
V  [jvm.dll+0xc3d0f]  (no source info available)
V  [jvm.dll+0xc3f6b]  (no source info available)
V  [jvm.dll+0x2f3c2f]  (no source info available)
V  [jvm.dll+0x60bc9a]  (no source info available)
V  [jvm.dll+0x249a35]  (no source info available)
V  [jvm.dll+0x246ec6]  (no source info available)
V  [jvm.dll+0x1c4e90]  (no source info available)
V  [jvm.dll+0x2569fe]  (no source info available)
V  [jvm.dll+0x254cba]  (no source info available)
V  [jvm.dll+0x3f5336]  (no source info available)
V  [jvm.dll+0x81d44b]  (no source info available)
V  [jvm.dll+0x6e0915]  (no source info available)
C  [ucrtbase.dll+0x26c0c]  (no source info available)
C  [KERNEL32.DLL+0x153e0]  (no source info available)
C  [ntdll.dll+0x485b]  (no source info available)


---------------  P R O C E S S  ---------------

Threads class SMR info:
_java_thread_list=0x00000255678ff4b0, length=13, elements={
0x0000025502baaf00, 0x00000255215b42a0, 0x00000255215b4f20, 0x00000255215c0f60,
0x00000255215c1830, 0x00000255215c6750, 0x00000255215c6ef0, 0x00000255215dc780,
0x00000255215dd380, 0x00000255217f4040, 0x0000025521947850, 0x0000025521947ec0,
0x00000255678942f0
}

Java Threads: ( => current thread )
  0x0000025502baaf00 JavaThread "main"                              [_thread_in_native, id=31220, stack(0x000000fa3f100000,0x000000fa3f200000) (1024K)]
  0x00000255215b42a0 JavaThread "Reference Handler"          daemon [_thread_blocked, id=6540, stack(0x000000fa3f900000,0x000000fa3fa00000) (1024K)]
  0x00000255215b4f20 JavaThread "Finalizer"                  daemon [_thread_blocked, id=27252, stack(0x000000fa3fa00000,0x000000fa3fb00000) (1024K)]
  0x00000255215c0f60 JavaThread "Signal Dispatcher"          daemon [_thread_blocked, id=31448, stack(0x000000fa3fb00000,0x000000fa3fc00000) (1024K)]
  0x00000255215c1830 JavaThread "Attach Listener"            daemon [_thread_blocked, id=15336, stack(0x000000fa3fc00000,0x000000fa3fd00000) (1024K)]
  0x00000255215c6750 JavaThread "Service Thread"             daemon [_thread_blocked, id=15944, stack(0x000000fa3fd00000,0x000000fa3fe00000) (1024K)]
  0x00000255215c6ef0 JavaThread "Monitor Deflation Thread"   daemon [_thread_blocked, id=5584, stack(0x000000fa3fe00000,0x000000fa3ff00000) (1024K)]
=>0x00000255215dc780 JavaThread "C2 CompilerThread0"         daemon [_thread_in_native, id=15812, stack(0x000000fa3ff00000,0x000000fa40000000) (1024K)]
  0x00000255215dd380 JavaThread "C1 CompilerThread0"         daemon [_thread_blocked, id=29372, stack(0x000000fa40000000,0x000000fa40100000) (1024K)]
  0x00000255217f4040 JavaThread "Common-Cleaner"             daemon [_thread_blocked, id=26060, stack(0x000000fa40100000,0x000000fa40200000) (1024K)]
  0x0000025521947850 JavaThread "Monitor Ctrl-Break"         daemon [_thread_in_native, id=2124, stack(0x000000fa40200000,0x000000fa40300000) (1024K)]
  0x0000025521947ec0 JavaThread "Notification Thread"        daemon [_thread_blocked, id=26088, stack(0x000000fa40300000,0x000000fa40400000) (1024K)]
  0x00000255678942f0 JavaThread "C2 CompilerThread1"         daemon [_thread_in_native, id=15168, stack(0x000000fa40b00000,0x000000fa40c00000) (1024K)]
Total: 13

Other Threads:
  0x000002552159c570 VMThread "VM Thread"                           [id=15208, stack(0x000000fa3f800000,0x000000fa3f900000) (1024K)]
  0x0000025521583cc0 WatcherThread "VM Periodic Task Thread"        [id=24960, stack(0x000000fa3f700000,0x000000fa3f800000) (1024K)]
  0x0000025504da0810 WorkerThread "GC Thread#0"                     [id=24756, stack(0x000000fa3f200000,0x000000fa3f300000) (1024K)]
  0x00000255678d6aa0 WorkerThread "GC Thread#1"                     [id=25840, stack(0x000000fa40400000,0x000000fa40500000) (1024K)]
  0x00000255678d6e50 WorkerThread "GC Thread#2"                     [id=11700, stack(0x000000fa40500000,0x000000fa40600000) (1024K)]
  0x00000255678a2e00 WorkerThread "GC Thread#3"                     [id=7440, stack(0x000000fa40600000,0x000000fa40700000) (1024K)]
  0x00000255678b4b80 WorkerThread "GC Thread#4"                     [id=20900, stack(0x000000fa40700000,0x000000fa40800000) (1024K)]
  0x00000255678b4f30 WorkerThread "GC Thread#5"                     [id=16968, stack(0x000000fa40800000,0x000000fa40900000) (1024K)]
  0x00000255678b52e0 WorkerThread "GC Thread#6"                     [id=7848, stack(0x000000fa40900000,0x000000fa40a00000) (1024K)]
  0x00000255678b60a0 WorkerThread "GC Thread#7"                     [id=23764, stack(0x000000fa40a00000,0x000000fa40b00000) (1024K)]
  0x0000025504db1580 ConcurrentGCThread "G1 Main Marker"            [id=11788, stack(0x000000fa3f300000,0x000000fa3f400000) (1024K)]
  0x0000025504db2240 WorkerThread "G1 Conc#0"                       [id=4328, stack(0x000000fa3f400000,0x000000fa3f500000) (1024K)]
  0x0000025521444170 ConcurrentGCThread "G1 Refine#0"               [id=17892, stack(0x000000fa3f500000,0x000000fa3f600000) (1024K)]
  0x00000255214465c0 ConcurrentGCThread "G1 Service"                [id=13096, stack(0x000000fa3f600000,0x000000fa3f700000) (1024K)]
Total: 14

Threads with active compile tasks:
C2 CompilerThread0  3392 1412       4       java.util.jar.JarFile::getVersionedEntry (133 bytes)
C2 CompilerThread1  3392 1409       4       jdk.internal.org.objectweb.asm.Frame::execute (2305 bytes)
Total: 2

VM state: not at safepoint (normal execution)

VM Mutex/Monitor currently owned by a thread: None

Heap address: 0x0000000081400000, size: 2028 MB, Compressed Oops mode: 32-bit

CDS archive(s) mapped at: [0x0000025522000000-0x0000025522c50000-0x0000025522c50000), size 12910592, SharedBaseAddress: 0x0000025522000000, ArchiveRelocationMode: 1.
Compressed class space mapped at: 0x0000025523000000-0x0000025563000000, reserved size: 1073741824
Narrow klass base: 0x0000025522000000, Narrow klass shift: 0, Narrow klass range: 0x41000000

GC Precious Log:
 CardTable entry size: 512
 Card Set container configuration: InlinePtr #cards 5 size 8 Array Of Cards #cards 12 size 40 Howl #buckets 4 coarsen threshold 1843 Howl Bitmap #cards 512 size 80 coarsen threshold 460 Card regions per heap region 1 cards per card region 2048
 CPUs: 8 total, 8 available
 Memory: 8107M
 Large Page Support: Disabled
 NUMA Support: Disabled
 Compressed Oops: Enabled (32-bit)
 Heap Region Size: 1M
 Heap Min Capacity: 8M
 Heap Initial Capacity: 128M
 Heap Max Capacity: 2028M
 Pre-touch: Disabled
 Parallel Workers: 8
 Concurrent Workers: 2
 Concurrent Refinement Workers: 8
 Periodic GC: Disabled

Heap:
 garbage-first heap   total reserved 2076672K, committed 131072K, used 11263K [0x0000000081400000, 0x0000000100000000)
  region size 1024K, 8 young (8192K), 3 survivors (3072K)
 Metaspace       used 6900K, committed 7168K, reserved 1114112K
  class space    used 855K, committed 960K, reserved 1048576K

Heap Regions: E=young(eden), S=young(survivor), O=old, HS=humongous(starts), HC=humongous(continues), CS=collection set, F=free, TAMS=top-at-mark-start, PB=parsable bottom
|   0|0x0000000081400000, 0x0000000081500000, 0x0000000081500000|100%|HS|  |TAMS 0x0000000081400000| PB 0x0000000081400000| Complete |  0
|   1|0x0000000081500000, 0x0000000081600000, 0x0000000081600000|100%| O|  |TAMS 0x0000000081500000| PB 0x0000000081500000| Untracked |  0
|   2|0x0000000081600000, 0x0000000081700000, 0x0000000081700000|100%| O|  |TAMS 0x0000000081600000| PB 0x0000000081600000| Untracked |  0
|   3|0x0000000081700000, 0x00000000817fff00, 0x0000000081800000| 99%| O|  |TAMS 0x0000000081700000| PB 0x0000000081700000| Untracked |  0
|   4|0x0000000081800000, 0x0000000081800000, 0x0000000081900000|  0%| F|  |TAMS 0x0000000081800000| PB 0x0000000081800000| Untracked |  0
|   5|0x0000000081900000, 0x0000000081900000, 0x0000000081a00000|  0%| F|  |TAMS 0x0000000081900000| PB 0x0000000081900000| Untracked |  0
|   6|0x0000000081a00000, 0x0000000081a00000, 0x0000000081b00000|  0%| F|  |TAMS 0x0000000081a00000| PB 0x0000000081a00000| Untracked |  0
|   7|0x0000000081b00000, 0x0000000081b00000, 0x0000000081c00000|  0%| F|  |TAMS 0x0000000081b00000| PB 0x0000000081b00000| Untracked |  0
|   8|0x0000000081c00000, 0x0000000081c00000, 0x0000000081d00000|  0%| F|  |TAMS 0x0000000081c00000| PB 0x0000000081c00000| Untracked |  0
|   9|0x0000000081d00000, 0x0000000081d00000, 0x0000000081e00000|  0%| F|  |TAMS 0x0000000081d00000| PB 0x0000000081d00000| Untracked |  0
|  10|0x0000000081e00000, 0x0000000081e00000, 0x0000000081f00000|  0%| F|  |TAMS 0x0000000081e00000| PB 0x0000000081e00000| Untracked |  0
|  11|0x0000000081f00000, 0x0000000081f00000, 0x0000000082000000|  0%| F|  |TAMS 0x0000000081f00000| PB 0x0000000081f00000| Untracked |  0
|  12|0x0000000082000000, 0x0000000082000000, 0x0000000082100000|  0%| F|  |TAMS 0x0000000082000000| PB 0x0000000082000000| Untracked |  0
|  13|0x0000000082100000, 0x0000000082100000, 0x0000000082200000|  0%| F|  |TAMS 0x0000000082100000| PB 0x0000000082100000| Untracked |  0
|  14|0x0000000082200000, 0x0000000082200000, 0x0000000082300000|  0%| F|  |TAMS 0x0000000082200000| PB 0x0000000082200000| Untracked |  0
|  15|0x0000000082300000, 0x0000000082300000, 0x0000000082400000|  0%| F|  |TAMS 0x0000000082300000| PB 0x0000000082300000| Untracked |  0
|  16|0x0000000082400000, 0x0000000082400000, 0x0000000082500000|  0%| F|  |TAMS 0x0000000082400000| PB 0x0000000082400000| Untracked |  0
|  17|0x0000000082500000, 0x0000000082500000, 0x0000000082600000|  0%| F|  |TAMS 0x0000000082500000| PB 0x0000000082500000| Untracked |  0
|  18|0x0000000082600000, 0x0000000082600000, 0x0000000082700000|  0%| F|  |TAMS 0x0000000082600000| PB 0x0000000082600000| Untracked |  0
|  19|0x0000000082700000, 0x0000000082700000, 0x0000000082800000|  0%| F|  |TAMS 0x0000000082700000| PB 0x0000000082700000| Untracked |  0
|  20|0x0000000082800000, 0x0000000082800000, 0x0000000082900000|  0%| F|  |TAMS 0x0000000082800000| PB 0x0000000082800000| Untracked |  0
|  21|0x0000000082900000, 0x0000000082900000, 0x0000000082a00000|  0%| F|  |TAMS 0x0000000082900000| PB 0x0000000082900000| Untracked |  0
|  22|0x0000000082a00000, 0x0000000082a00000, 0x0000000082b00000|  0%| F|  |TAMS 0x0000000082a00000| PB 0x0000000082a00000| Untracked |  0
|  23|0x0000000082b00000, 0x0000000082b00000, 0x0000000082c00000|  0%| F|  |TAMS 0x0000000082b00000| PB 0x0000000082b00000| Untracked |  0
|  24|0x0000000082c00000, 0x0000000082c00000, 0x0000000082d00000|  0%| F|  |TAMS 0x0000000082c00000| PB 0x0000000082c00000| Untracked |  0
|  25|0x0000000082d00000, 0x0000000082d00000, 0x0000000082e00000|  0%| F|  |TAMS 0x0000000082d00000| PB 0x0000000082d00000| Untracked |  0
|  26|0x0000000082e00000, 0x0000000082e00000, 0x0000000082f00000|  0%| F|  |TAMS 0x0000000082e00000| PB 0x0000000082e00000| Untracked |  0
|  27|0x0000000082f00000, 0x0000000082f00000, 0x0000000083000000|  0%| F|  |TAMS 0x0000000082f00000| PB 0x0000000082f00000| Untracked |  0
|  28|0x0000000083000000, 0x0000000083000000, 0x0000000083100000|  0%| F|  |TAMS 0x0000000083000000| PB 0x0000000083000000| Untracked |  0
|  29|0x0000000083100000, 0x0000000083100000, 0x0000000083200000|  0%| F|  |TAMS 0x0000000083100000| PB 0x0000000083100000| Untracked |  0
|  30|0x0000000083200000, 0x0000000083200000, 0x0000000083300000|  0%| F|  |TAMS 0x0000000083200000| PB 0x0000000083200000| Untracked |  0
|  31|0x0000000083300000, 0x0000000083300000, 0x0000000083400000|  0%| F|  |TAMS 0x0000000083300000| PB 0x0000000083300000| Untracked |  0
|  32|0x0000000083400000, 0x0000000083400000, 0x0000000083500000|  0%| F|  |TAMS 0x0000000083400000| PB 0x0000000083400000| Untracked |  0
|  33|0x0000000083500000, 0x0000000083500000, 0x0000000083600000|  0%| F|  |TAMS 0x0000000083500000| PB 0x0000000083500000| Untracked |  0
|  34|0x0000000083600000, 0x0000000083600000, 0x0000000083700000|  0%| F|  |TAMS 0x0000000083600000| PB 0x0000000083600000| Untracked |  0
|  35|0x0000000083700000, 0x0000000083700000, 0x0000000083800000|  0%| F|  |TAMS 0x0000000083700000| PB 0x0000000083700000| Untracked |  0
|  36|0x0000000083800000, 0x0000000083800000, 0x0000000083900000|  0%| F|  |TAMS 0x0000000083800000| PB 0x0000000083800000| Untracked |  0
|  37|0x0000000083900000, 0x0000000083900000, 0x0000000083a00000|  0%| F|  |TAMS 0x0000000083900000| PB 0x0000000083900000| Untracked |  0
|  38|0x0000000083a00000, 0x0000000083a00000, 0x0000000083b00000|  0%| F|  |TAMS 0x0000000083a00000| PB 0x0000000083a00000| Untracked |  0
|  39|0x0000000083b00000, 0x0000000083b00000, 0x0000000083c00000|  0%| F|  |TAMS 0x0000000083b00000| PB 0x0000000083b00000| Untracked |  0
|  40|0x0000000083c00000, 0x0000000083c00000, 0x0000000083d00000|  0%| F|  |TAMS 0x0000000083c00000| PB 0x0000000083c00000| Untracked |  0
|  41|0x0000000083d00000, 0x0000000083d00000, 0x0000000083e00000|  0%| F|  |TAMS 0x0000000083d00000| PB 0x0000000083d00000| Untracked |  0
|  42|0x0000000083e00000, 0x0000000083e00000, 0x0000000083f00000|  0%| F|  |TAMS 0x0000000083e00000| PB 0x0000000083e00000| Untracked |  0
|  43|0x0000000083f00000, 0x0000000083f00000, 0x0000000084000000|  0%| F|  |TAMS 0x0000000083f00000| PB 0x0000000083f00000| Untracked |  0
|  44|0x0000000084000000, 0x0000000084000000, 0x0000000084100000|  0%| F|  |TAMS 0x0000000084000000| PB 0x0000000084000000| Untracked |  0
|  45|0x0000000084100000, 0x0000000084100000, 0x0000000084200000|  0%| F|  |TAMS 0x0000000084100000| PB 0x0000000084100000| Untracked |  0
|  46|0x0000000084200000, 0x0000000084200000, 0x0000000084300000|  0%| F|  |TAMS 0x0000000084200000| PB 0x0000000084200000| Untracked |  0
|  47|0x0000000084300000, 0x0000000084300000, 0x0000000084400000|  0%| F|  |TAMS 0x0000000084300000| PB 0x0000000084300000| Untracked |  0
|  48|0x0000000084400000, 0x0000000084400000, 0x0000000084500000|  0%| F|  |TAMS 0x0000000084400000| PB 0x0000000084400000| Untracked |  0
|  49|0x0000000084500000, 0x0000000084500000, 0x0000000084600000|  0%| F|  |TAMS 0x0000000084500000| PB 0x0000000084500000| Untracked |  0
|  50|0x0000000084600000, 0x0000000084600000, 0x0000000084700000|  0%| F|  |TAMS 0x0000000084600000| PB 0x0000000084600000| Untracked |  0
|  51|0x0000000084700000, 0x0000000084700000, 0x0000000084800000|  0%| F|  |TAMS 0x0000000084700000| PB 0x0000000084700000| Untracked |  0
|  52|0x0000000084800000, 0x0000000084800000, 0x0000000084900000|  0%| F|  |TAMS 0x0000000084800000| PB 0x0000000084800000| Untracked |  0
|  53|0x0000000084900000, 0x0000000084900000, 0x0000000084a00000|  0%| F|  |TAMS 0x0000000084900000| PB 0x0000000084900000| Untracked |  0
|  54|0x0000000084a00000, 0x0000000084a00000, 0x0000000084b00000|  0%| F|  |TAMS 0x0000000084a00000| PB 0x0000000084a00000| Untracked |  0
|  55|0x0000000084b00000, 0x0000000084b00000, 0x0000000084c00000|  0%| F|  |TAMS 0x0000000084b00000| PB 0x0000000084b00000| Untracked |  0
|  56|0x0000000084c00000, 0x0000000084c00000, 0x0000000084d00000|  0%| F|  |TAMS 0x0000000084c00000| PB 0x0000000084c00000| Untracked |  0
|  57|0x0000000084d00000, 0x0000000084d00000, 0x0000000084e00000|  0%| F|  |TAMS 0x0000000084d00000| PB 0x0000000084d00000| Untracked |  0
|  58|0x0000000084e00000, 0x0000000084e00000, 0x0000000084f00000|  0%| F|  |TAMS 0x0000000084e00000| PB 0x0000000084e00000| Untracked |  0
|  59|0x0000000084f00000, 0x0000000084f00000, 0x0000000085000000|  0%| F|  |TAMS 0x0000000084f00000| PB 0x0000000084f00000| Untracked |  0
|  60|0x0000000085000000, 0x0000000085000000, 0x0000000085100000|  0%| F|  |TAMS 0x0000000085000000| PB 0x0000000085000000| Untracked |  0
|  61|0x0000000085100000, 0x0000000085100000, 0x0000000085200000|  0%| F|  |TAMS 0x0000000085100000| PB 0x0000000085100000| Untracked |  0
|  62|0x0000000085200000, 0x0000000085200000, 0x0000000085300000|  0%| F|  |TAMS 0x0000000085200000| PB 0x0000000085200000| Untracked |  0
|  63|0x0000000085300000, 0x0000000085300000, 0x0000000085400000|  0%| F|  |TAMS 0x0000000085300000| PB 0x0000000085300000| Untracked |  0
|  64|0x0000000085400000, 0x0000000085400000, 0x0000000085500000|  0%| F|  |TAMS 0x0000000085400000| PB 0x0000000085400000| Untracked |  0
|  65|0x0000000085500000, 0x0000000085500000, 0x0000000085600000|  0%| F|  |TAMS 0x0000000085500000| PB 0x0000000085500000| Untracked |  0
|  66|0x0000000085600000, 0x0000000085600000, 0x0000000085700000|  0%| F|  |TAMS 0x0000000085600000| PB 0x0000000085600000| Untracked |  0
|  67|0x0000000085700000, 0x0000000085700000, 0x0000000085800000|  0%| F|  |TAMS 0x0000000085700000| PB 0x0000000085700000| Untracked |  0
|  68|0x0000000085800000, 0x0000000085800000, 0x0000000085900000|  0%| F|  |TAMS 0x0000000085800000| PB 0x0000000085800000| Untracked |  0
|  69|0x0000000085900000, 0x0000000085900000, 0x0000000085a00000|  0%| F|  |TAMS 0x0000000085900000| PB 0x0000000085900000| Untracked |  0
|  70|0x0000000085a00000, 0x0000000085a00000, 0x0000000085b00000|  0%| F|  |TAMS 0x0000000085a00000| PB 0x0000000085a00000| Untracked |  0
|  71|0x0000000085b00000, 0x0000000085b00000, 0x0000000085c00000|  0%| F|  |TAMS 0x0000000085b00000| PB 0x0000000085b00000| Untracked |  0
|  72|0x0000000085c00000, 0x0000000085c00000, 0x0000000085d00000|  0%| F|  |TAMS 0x0000000085c00000| PB 0x0000000085c00000| Untracked |  0
|  73|0x0000000085d00000, 0x0000000085d00000, 0x0000000085e00000|  0%| F|  |TAMS 0x0000000085d00000| PB 0x0000000085d00000| Untracked |  0
|  74|0x0000000085e00000, 0x0000000085e00000, 0x0000000085f00000|  0%| F|  |TAMS 0x0000000085e00000| PB 0x0000000085e00000| Untracked |  0
|  75|0x0000000085f00000, 0x0000000085f00000, 0x0000000086000000|  0%| F|  |TAMS 0x0000000085f00000| PB 0x0000000085f00000| Untracked |  0
|  76|0x0000000086000000, 0x0000000086000000, 0x0000000086100000|  0%| F|  |TAMS 0x0000000086000000| PB 0x0000000086000000| Untracked |  0
|  77|0x0000000086100000, 0x0000000086100000, 0x0000000086200000|  0%| F|  |TAMS 0x0000000086100000| PB 0x0000000086100000| Untracked |  0
|  78|0x0000000086200000, 0x0000000086200000, 0x0000000086300000|  0%| F|  |TAMS 0x0000000086200000| PB 0x0000000086200000| Untracked |  0
|  79|0x0000000086300000, 0x0000000086300000, 0x0000000086400000|  0%| F|  |TAMS 0x0000000086300000| PB 0x0000000086300000| Untracked |  0
|  80|0x0000000086400000, 0x0000000086400000, 0x0000000086500000|  0%| F|  |TAMS 0x0000000086400000| PB 0x0000000086400000| Untracked |  0
|  81|0x0000000086500000, 0x0000000086500000, 0x0000000086600000|  0%| F|  |TAMS 0x0000000086500000| PB 0x0000000086500000| Untracked |  0
|  82|0x0000000086600000, 0x0000000086600000, 0x0000000086700000|  0%| F|  |TAMS 0x0000000086600000| PB 0x0000000086600000| Untracked |  0
|  83|0x0000000086700000, 0x0000000086700000, 0x0000000086800000|  0%| F|  |TAMS 0x0000000086700000| PB 0x0000000086700000| Untracked |  0
|  84|0x0000000086800000, 0x0000000086800000, 0x0000000086900000|  0%| F|  |TAMS 0x0000000086800000| PB 0x0000000086800000| Untracked |  0
|  85|0x0000000086900000, 0x0000000086900000, 0x0000000086a00000|  0%| F|  |TAMS 0x0000000086900000| PB 0x0000000086900000| Untracked |  0
|  86|0x0000000086a00000, 0x0000000086a00000, 0x0000000086b00000|  0%| F|  |TAMS 0x0000000086a00000| PB 0x0000000086a00000| Untracked |  0
|  87|0x0000000086b00000, 0x0000000086b00000, 0x0000000086c00000|  0%| F|  |TAMS 0x0000000086b00000| PB 0x0000000086b00000| Untracked |  0
|  88|0x0000000086c00000, 0x0000000086c00000, 0x0000000086d00000|  0%| F|  |TAMS 0x0000000086c00000| PB 0x0000000086c00000| Untracked |  0
|  89|0x0000000086d00000, 0x0000000086d00000, 0x0000000086e00000|  0%| F|  |TAMS 0x0000000086d00000| PB 0x0000000086d00000| Untracked |  0
|  90|0x0000000086e00000, 0x0000000086e00000, 0x0000000086f00000|  0%| F|  |TAMS 0x0000000086e00000| PB 0x0000000086e00000| Untracked |  0
|  91|0x0000000086f00000, 0x0000000086f00000, 0x0000000087000000|  0%| F|  |TAMS 0x0000000086f00000| PB 0x0000000086f00000| Untracked |  0
|  92|0x0000000087000000, 0x0000000087000000, 0x0000000087100000|  0%| F|  |TAMS 0x0000000087000000| PB 0x0000000087000000| Untracked |  0
|  93|0x0000000087100000, 0x0000000087100000, 0x0000000087200000|  0%| F|  |TAMS 0x0000000087100000| PB 0x0000000087100000| Untracked |  0
|  94|0x0000000087200000, 0x0000000087200000, 0x0000000087300000|  0%| F|  |TAMS 0x0000000087200000| PB 0x0000000087200000| Untracked |  0
|  95|0x0000000087300000, 0x0000000087300000, 0x0000000087400000|  0%| F|  |TAMS 0x0000000087300000| PB 0x0000000087300000| Untracked |  0
|  96|0x0000000087400000, 0x0000000087400000, 0x0000000087500000|  0%| F|  |TAMS 0x0000000087400000| PB 0x0000000087400000| Untracked |  0
|  97|0x0000000087500000, 0x0000000087500000, 0x0000000087600000|  0%| F|  |TAMS 0x0000000087500000| PB 0x0000000087500000| Untracked |  0
|  98|0x0000000087600000, 0x0000000087600000, 0x0000000087700000|  0%| F|  |TAMS 0x0000000087600000| PB 0x0000000087600000| Untracked |  0
|  99|0x0000000087700000, 0x0000000087700000, 0x0000000087800000|  0%| F|  |TAMS 0x0000000087700000| PB 0x0000000087700000| Untracked |  0
| 100|0x0000000087800000, 0x0000000087800000, 0x0000000087900000|  0%| F|  |TAMS 0x0000000087800000| PB 0x0000000087800000| Untracked |  0
| 101|0x0000000087900000, 0x0000000087a00000, 0x0000000087a00000|100%| S|CS|TAMS 0x0000000087900000| PB 0x0000000087900000| Complete |  0
| 102|0x0000000087a00000, 0x0000000087b00000, 0x0000000087b00000|100%| S|CS|TAMS 0x0000000087a00000| PB 0x0000000087a00000| Complete |  0
| 103|0x0000000087b00000, 0x0000000087c00000, 0x0000000087c00000|100%| S|CS|TAMS 0x0000000087b00000| PB 0x0000000087b00000| Complete |  0
| 104|0x0000000087c00000, 0x0000000087c00000, 0x0000000087d00000|  0%| F|  |TAMS 0x0000000087c00000| PB 0x0000000087c00000| Untracked |  0
| 105|0x0000000087d00000, 0x0000000087d00000, 0x0000000087e00000|  0%| F|  |TAMS 0x0000000087d00000| PB 0x0000000087d00000| Untracked |  0
| 106|0x0000000087e00000, 0x0000000087e00000, 0x0000000087f00000|  0%| F|  |TAMS 0x0000000087e00000| PB 0x0000000087e00000| Untracked |  0
| 107|0x0000000087f00000, 0x0000000087f00000, 0x0000000088000000|  0%| F|  |TAMS 0x0000000087f00000| PB 0x0000000087f00000| Untracked |  0
| 108|0x0000000088000000, 0x0000000088000000, 0x0000000088100000|  0%| F|  |TAMS 0x0000000088000000| PB 0x0000000088000000| Untracked |  0
| 109|0x0000000088100000, 0x0000000088100000, 0x0000000088200000|  0%| F|  |TAMS 0x0000000088100000| PB 0x0000000088100000| Untracked |  0
| 110|0x0000000088200000, 0x0000000088200000, 0x0000000088300000|  0%| F|  |TAMS 0x0000000088200000| PB 0x0000000088200000| Untracked |  0
| 111|0x0000000088300000, 0x0000000088300000, 0x0000000088400000|  0%| F|  |TAMS 0x0000000088300000| PB 0x0000000088300000| Untracked |  0
| 112|0x0000000088400000, 0x0000000088400000, 0x0000000088500000|  0%| F|  |TAMS 0x0000000088400000| PB 0x0000000088400000| Untracked |  0
| 113|0x0000000088500000, 0x0000000088500000, 0x0000000088600000|  0%| F|  |TAMS 0x0000000088500000| PB 0x0000000088500000| Untracked |  0
| 114|0x0000000088600000, 0x0000000088600000, 0x0000000088700000|  0%| F|  |TAMS 0x0000000088600000| PB 0x0000000088600000| Untracked |  0
| 115|0x0000000088700000, 0x0000000088700000, 0x0000000088800000|  0%| F|  |TAMS 0x0000000088700000| PB 0x0000000088700000| Untracked |  0
| 116|0x0000000088800000, 0x0000000088800000, 0x0000000088900000|  0%| F|  |TAMS 0x0000000088800000| PB 0x0000000088800000| Untracked |  0
| 117|0x0000000088900000, 0x0000000088900000, 0x0000000088a00000|  0%| F|  |TAMS 0x0000000088900000| PB 0x0000000088900000| Untracked |  0
| 118|0x0000000088a00000, 0x0000000088a00000, 0x0000000088b00000|  0%| F|  |TAMS 0x0000000088a00000| PB 0x0000000088a00000| Untracked |  0
| 119|0x0000000088b00000, 0x0000000088b00000, 0x0000000088c00000|  0%| F|  |TAMS 0x0000000088b00000| PB 0x0000000088b00000| Untracked |  0
| 120|0x0000000088c00000, 0x0000000088c00000, 0x0000000088d00000|  0%| F|  |TAMS 0x0000000088c00000| PB 0x0000000088c00000| Untracked |  0
| 121|0x0000000088d00000, 0x0000000088d00000, 0x0000000088e00000|  0%| F|  |TAMS 0x0000000088d00000| PB 0x0000000088d00000| Untracked |  0
| 122|0x0000000088e00000, 0x0000000088e00000, 0x0000000088f00000|  0%| F|  |TAMS 0x0000000088e00000| PB 0x0000000088e00000| Untracked |  0
| 123|0x0000000088f00000, 0x0000000088f67580, 0x0000000089000000| 40%| E|  |TAMS 0x0000000088f00000| PB 0x0000000088f00000| Complete |  0
| 124|0x0000000089000000, 0x0000000089100000, 0x0000000089100000|100%| E|CS|TAMS 0x0000000089000000| PB 0x0000000089000000| Complete |  0
| 125|0x0000000089100000, 0x0000000089200000, 0x0000000089200000|100%| E|CS|TAMS 0x0000000089100000| PB 0x0000000089100000| Complete |  0
| 126|0x0000000089200000, 0x0000000089300000, 0x0000000089300000|100%| E|CS|TAMS 0x0000000089200000| PB 0x0000000089200000| Complete |  0
| 127|0x0000000089300000, 0x0000000089400000, 0x0000000089400000|100%| E|CS|TAMS 0x0000000089300000| PB 0x0000000089300000| Complete |  0

Card table byte_map: [0x000002551c7d0000,0x000002551cbd0000] _byte_map_base: 0x000002551c3c6000

Marking Bits: (CMBitMap*) 0x0000025504da0f20
 Bits: [0x000002551cbd0000, 0x000002551eb80000)

Polling page: 0x0000025502d50000

Metaspace:

Usage:
  Non-class:      5.90 MB used.
      Class:    855.80 KB used.
       Both:      6.74 MB used.

Virtual space:
  Non-class space:       64.00 MB reserved,       6.06 MB (  9%) committed,  1 nodes.
      Class space:        1.00 GB reserved,     960.00 KB ( <1%) committed,  1 nodes.
             Both:        1.06 GB reserved,       7.00 MB ( <1%) committed. 

Chunk freelists:
   Non-Class:  9.03 MB
       Class:  15.01 MB
        Both:  24.04 MB

MaxMetaspaceSize: unlimited
CompressedClassSpaceSize: 1.00 GB
Initial GC threshold: 21.00 MB
Current GC threshold: 21.00 MB
CDS: on
 - commit_granule_bytes: 65536.
 - commit_granule_words: 8192.
 - virtual_space_node_default_size: 8388608.
 - enlarge_chunks_in_place: 1.
 - use_allocation_guard: 0.


Internal statistics:

num_allocs_failed_limit: 0.
num_arena_births: 166.
num_arena_deaths: 0.
num_vsnodes_births: 2.
num_vsnodes_deaths: 0.
num_space_committed: 112.
num_space_uncommitted: 0.
num_chunks_returned_to_freelist: 0.
num_chunks_taken_from_freelist: 396.
num_chunk_merges: 0.
num_chunk_splits: 221.
num_chunks_enlarged: 127.
num_inconsistent_stats: 0.

CodeHeap 'non-profiled nmethods': size=120000Kb used=487Kb max_used=487Kb free=119512Kb
 bounds [0x0000025514b60000, 0x0000025514dd0000, 0x000002551c090000]
CodeHeap 'profiled nmethods': size=120000Kb used=2646Kb max_used=2646Kb free=117353Kb
 bounds [0x000002550d090000, 0x000002550d330000, 0x00000255145c0000]
CodeHeap 'non-nmethods': size=5760Kb used=1385Kb max_used=1385Kb free=4374Kb
 bounds [0x00000255145c0000, 0x0000025514830000, 0x0000025514b60000]
 total_blobs=1958 nmethods=1475 adapters=388
 compilation: enabled
              stopped_count=0, restarted_count=0
 full_count=0

Compilation events (20 events):
Event: 3.190 Thread 0x00000255215dd380 1414       3       java.util.ArrayList::isEmpty (13 bytes)
Event: 3.190 Thread 0x00000255215dd380 nmethod 1414 0x000002550d303590 code [0x000002550d303720, 0x000002550d303880]
Event: 3.190 Thread 0x00000255215dd380 1415       3       java.lang.invoke.MethodHandles$Lookup::resolveOrFail (48 bytes)
Event: 3.190 Thread 0x00000255215dd380 nmethod 1415 0x000002550d303910 code [0x000002550d303b40, 0x000002550d3041e0]
Event: 3.191 Thread 0x00000255215dd380 1416       3       java.lang.invoke.LambdaForm$Name::<init> (19 bytes)
Event: 3.191 Thread 0x00000255215dd380 nmethod 1416 0x000002550d304490 code [0x000002550d3046c0, 0x000002550d304d68]
Event: 3.191 Thread 0x00000255215dd380 1418       3       java.lang.invoke.DirectMethodHandle::make (275 bytes)
Event: 3.192 Thread 0x00000255215dd380 nmethod 1418 0x000002550d305090 code [0x000002550d305420, 0x000002550d306778]
Event: 3.192 Thread 0x00000255215dd380 1424       3       java.lang.reflect.Modifier::isPrivate (12 bytes)
Event: 3.192 Thread 0x00000255215dd380 nmethod 1424 0x000002550d306f10 code [0x000002550d3070a0, 0x000002550d3071e0]
Event: 3.193 Thread 0x00000255215dd380 1425       3       jdk.internal.jimage.ImageStringsReader::stringFromByteBufferMatches (138 bytes)
Event: 3.194 Thread 0x00000255215dd380 nmethod 1425 0x000002550d307290 code [0x000002550d307560, 0x000002550d308638]
Event: 3.194 Thread 0x00000255215dd380 1422       3       java.lang.ref.SoftReference::<init> (13 bytes)
Event: 3.194 Thread 0x00000255215dd380 nmethod 1422 0x000002550d308d10 code [0x000002550d308ec0, 0x000002550d3091e0]
Event: 3.194 Thread 0x00000255215dd380 1423       3       java.util.Arrays::copyOf (10 bytes)
Event: 3.194 Thread 0x00000255215dd380 nmethod 1423 0x000002550d309310 code [0x000002550d3094c0, 0x000002550d309610]
Event: 3.196 Thread 0x00000255215dd380 1426       3       java.util.ImmutableCollections$List12::size (16 bytes)
Event: 3.197 Thread 0x00000255215dd380 nmethod 1426 0x000002550d309710 code [0x000002550d3098c0, 0x000002550d309a50]
Event: 3.197 Thread 0x00000255215dd380 1427       3       java.lang.invoke.LambdaFormEditor$Transform::equals (32 bytes)
Event: 3.197 Thread 0x00000255215dd380 nmethod 1427 0x000002550d309b10 code [0x000002550d309cc0, 0x000002550d309e90]

GC Heap History (2 events):
Event: 2.467 GC heap before
{Heap before GC invocations=0 (full 0):
 garbage-first heap   total reserved 2076672K, committed 131072K, used 24576K [0x0000000081400000, 0x0000000100000000)
  region size 1024K, 24 young (24576K), 0 survivors (0K)
 Metaspace       used 5328K, committed 5504K, reserved 1114112K
  class space    used 653K, committed 768K, reserved 1048576K
}
Event: 2.903 GC heap after
{Heap after GC invocations=1 (full 0):
 garbage-first heap   total reserved 2076672K, committed 131072K, used 7167K [0x0000000081400000, 0x0000000100000000)
  region size 1024K, 3 young (3072K), 3 survivors (3072K)
 Metaspace       used 5328K, committed 5504K, reserved 1114112K
  class space    used 653K, committed 768K, reserved 1048576K
}

Dll operation events (10 events):
Event: 0.023 Loaded shared library C:\Users\Usuario\.jdks\openjdk-22.0.1\bin\java.dll
Event: 0.077 Loaded shared library C:\Users\Usuario\.jdks\openjdk-22.0.1\bin\jsvml.dll
Event: 0.209 Loaded shared library C:\Users\Usuario\.jdks\openjdk-22.0.1\bin\zip.dll
Event: 0.215 Loaded shared library C:\Users\Usuario\.jdks\openjdk-22.0.1\bin\instrument.dll
Event: 0.223 Loaded shared library C:\Users\Usuario\.jdks\openjdk-22.0.1\bin\net.dll
Event: 0.226 Loaded shared library C:\Users\Usuario\.jdks\openjdk-22.0.1\bin\nio.dll
Event: 0.232 Loaded shared library C:\Users\Usuario\.jdks\openjdk-22.0.1\bin\zip.dll
Event: 0.250 Loaded shared library C:\Program Files\JetBrains\IntelliJ IDEA 2024.1\bin\breakgen64.dll
Event: 0.271 Loaded shared library C:\Users\Usuario\.jdks\openjdk-22.0.1\bin\extnet.dll
Event: 0.547 Loaded shared library C:\Users\Usuario\.jdks\openjdk-22.0.1\bin\jimage.dll

Deoptimization events (20 events):
Event: 2.969 Thread 0x0000025502baaf00 Uncommon trap: trap_request=0xffffff45 fr.pc=0x0000025514bc4b38 relative=0x0000000000000098
Event: 2.969 Thread 0x0000025502baaf00 Uncommon trap: reason=unstable_if action=reinterpret pc=0x0000025514bc4b38 method=java.lang.ref.ReferenceQueue.headIsNull()Z @ 4 c2
Event: 2.969 Thread 0x0000025502baaf00 DEOPT PACKING pc=0x0000025514bc4b38 sp=0x000000fa3f1fc270
Event: 2.969 Thread 0x0000025502baaf00 DEOPT UNPACKING pc=0x00000255146146a2 sp=0x000000fa3f1fc130 mode 2
Event: 2.969 Thread 0x0000025502baaf00 Uncommon trap: trap_request=0xffffff45 fr.pc=0x0000025514bbe4ec relative=0x000000000000006c
Event: 2.969 Thread 0x0000025502baaf00 Uncommon trap: reason=unstable_if action=reinterpret pc=0x0000025514bbe4ec method=java.lang.ref.ReferenceQueue.headIsNull()Z @ 4 c2
Event: 2.969 Thread 0x0000025502baaf00 DEOPT PACKING pc=0x0000025514bbe4ec sp=0x000000fa3f1fc200
Event: 2.969 Thread 0x0000025502baaf00 DEOPT UNPACKING pc=0x00000255146146a2 sp=0x000000fa3f1fc130 mode 2
Event: 3.104 Thread 0x0000025502baaf00 Uncommon trap: trap_request=0xffffff6e fr.pc=0x0000025514ba0a90 relative=0x0000000000000450
Event: 3.104 Thread 0x0000025502baaf00 Uncommon trap: reason=loop_limit_check action=maybe_recompile pc=0x0000025514ba0a90 method=java.lang.StringLatin1.indexOf([BI[BII)I @ 37 c2
Event: 3.104 Thread 0x0000025502baaf00 DEOPT PACKING pc=0x0000025514ba0a90 sp=0x000000fa3f1fb3d0
Event: 3.104 Thread 0x0000025502baaf00 DEOPT UNPACKING pc=0x00000255146146a2 sp=0x000000fa3f1fb330 mode 2
Event: 3.119 Thread 0x0000025502baaf00 Uncommon trap: trap_request=0xffffff6e fr.pc=0x0000025514b8badc relative=0x00000000000001bc
Event: 3.119 Thread 0x0000025502baaf00 Uncommon trap: reason=loop_limit_check action=maybe_recompile pc=0x0000025514b8badc method=java.lang.StringLatin1.lastIndexOf([BII)I @ 19 c2
Event: 3.119 Thread 0x0000025502baaf00 DEOPT PACKING pc=0x0000025514b8badc sp=0x000000fa3f1fb480
Event: 3.119 Thread 0x0000025502baaf00 DEOPT UNPACKING pc=0x00000255146146a2 sp=0x000000fa3f1fb400 mode 2
Event: 3.139 Thread 0x0000025502baaf00 Uncommon trap: trap_request=0xffffff45 fr.pc=0x0000025514ba50b8 relative=0x0000000000000278
Event: 3.139 Thread 0x0000025502baaf00 Uncommon trap: reason=unstable_if action=reinterpret pc=0x0000025514ba50b8 method=jdk.internal.util.ArraysSupport.mismatch([BI[BII)I @ 55 c2
Event: 3.139 Thread 0x0000025502baaf00 DEOPT PACKING pc=0x0000025514ba50b8 sp=0x000000fa3f1fb760
Event: 3.139 Thread 0x0000025502baaf00 DEOPT UNPACKING pc=0x00000255146146a2 sp=0x000000fa3f1fb600 mode 2

Classes loaded (20 events):
Event: 3.147 Loading class sun/security/provider/PolicyFile$8 done
Event: 3.148 Loading class sun/security/provider/PolicyFile$SelfPermission
Event: 3.148 Loading class sun/security/provider/PolicyFile$SelfPermission done
Event: 3.148 Loading class java/net/SocketPermissionCollection
Event: 3.150 Loading class java/net/SocketPermissionCollection done
Event: 3.150 Loading class java/util/PropertyPermissionCollection
Event: 3.154 Loading class java/util/PropertyPermissionCollection done
Event: 3.155 Loading class java/io/FilePermissionCollection
Event: 3.157 Loading class java/io/FilePermissionCollection done
Event: 3.158 Loading class java/security/PermissionsEnumerator
Event: 3.160 Loading class java/security/PermissionsEnumerator done
Event: 3.160 Loading class java/security/AccessControlException
Event: 3.162 Loading class java/security/AccessControlException done
Event: 3.166 Loading class jdk/internal/foreign/MemorySessionImpl
Event: 3.168 Loading class java/lang/foreign/MemorySegment$Scope
Event: 3.170 Loading class java/lang/foreign/MemorySegment$Scope done
Event: 3.171 Loading class jdk/internal/foreign/MemorySessionImpl done
Event: 3.186 Loading class java/net/MalformedURLException
Event: 3.188 Loading class java/net/MalformedURLException done
Event: 3.209 Loading class java/time/zone/ZoneRulesProvider

Classes unloaded (0 events):
No events

Classes redefined (0 events):
No events

Internal exceptions (20 events):
Event: 0.946 Thread 0x0000025502baaf00 Exception <a 'java/lang/NoSuchMethodError'{0x00000000883a64e0}: 'void java.lang.invoke.DirectMethodHandle$Holder.invokeSpecial(java.lang.Object, java.lang.Object, java.lang.Object)'> (0x00000000883a64e0) 
thrown [s\open\src\hotspot\share\interpreter\linkResolver.cpp, line 774]
Event: 0.958 Thread 0x0000025502baaf00 Exception <a 'java/lang/NoSuchMethodError'{0x00000000883f4ff8}: 'void java.lang.invoke.DirectMethodHandle$Holder.invokeInterface(java.lang.Object, java.lang.Object, java.lang.Object, java.lang.Object, java.lang.Object)'> (0x00000000883f4ff8) 
thrown [s\open\src\hotspot\share\interpreter\linkResolver.cpp, line 774]
Event: 0.958 Thread 0x0000025502baaf00 Exception <a 'java/lang/IncompatibleClassChangeError'{0x00000000883f8ca8}: Found class java.lang.Object, but interface was expected> (0x00000000883f8ca8) 
thrown [s\open\src\hotspot\share\interpreter\linkResolver.cpp, line 841]
Event: 0.964 Thread 0x0000025502baaf00 Exception <a 'java/lang/NoSuchMethodError'{0x00000000882312f0}: 'void java.lang.invoke.DirectMethodHandle$Holder.invokeInterface(java.lang.Object, java.lang.Object, java.lang.Object)'> (0x00000000882312f0) 
thrown [s\open\src\hotspot\share\interpreter\linkResolver.cpp, line 774]
Event: 0.965 Thread 0x0000025502baaf00 Exception <a 'java/lang/IncompatibleClassChangeError'{0x0000000088234690}: Found class java.lang.Object, but interface was expected> (0x0000000088234690) 
thrown [s\open\src\hotspot\share\interpreter\linkResolver.cpp, line 841]
Event: 0.967 Thread 0x0000025502baaf00 Exception <a 'java/lang/NoSuchMethodError'{0x00000000882517a8}: 'java.lang.Object java.lang.invoke.DirectMethodHandle$Holder.invokeStatic(java.lang.Object, java.lang.Object, int)'> (0x00000000882517a8) 
thrown [s\open\src\hotspot\share\interpreter\linkResolver.cpp, line 774]
Event: 0.977 Thread 0x0000025502baaf00 Exception <a 'java/lang/NoSuchMethodError'{0x00000000882a6990}: 'void java.lang.invoke.DirectMethodHandle$Holder.invokeSpecial(java.lang.Object, java.lang.Object, java.lang.Object, java.lang.Object, java.lang.Object)'> (0x00000000882a6990) 
thrown [s\open\src\hotspot\share\interpreter\linkResolver.cpp, line 774]
Event: 0.993 Thread 0x0000025502baaf00 Exception <a 'java/lang/NoSuchMethodError'{0x00000000882fca68}: 'void java.lang.invoke.DirectMethodHandle$Holder.invokeInterface(java.lang.Object, java.lang.Object, java.lang.Object, java.lang.Object)'> (0x00000000882fca68) 
thrown [s\open\src\hotspot\share\interpreter\linkResolver.cpp, line 774]
Event: 0.994 Thread 0x0000025502baaf00 Exception <a 'java/lang/IncompatibleClassChangeError'{0x0000000088100128}: Found class java.lang.Object, but interface was expected> (0x0000000088100128) 
thrown [s\open\src\hotspot\share\interpreter\linkResolver.cpp, line 841]
Event: 0.999 Thread 0x0000025502baaf00 Exception <a 'java/lang/NoSuchMethodError'{0x00000000881195d8}: 'void java.lang.invoke.DirectMethodHandle$Holder.invokeStatic(java.lang.Object, java.lang.Object, java.lang.Object, java.lang.Object)'> (0x00000000881195d8) 
thrown [s\open\src\hotspot\share\interpreter\linkResolver.cpp, line 774]
Event: 1.007 Thread 0x0000025502baaf00 Exception <a 'java/lang/NoSuchMethodError'{0x00000000881379c8}: 'java.lang.Object java.lang.invoke.DirectMethodHandle$Holder.newInvokeSpecial(java.lang.Object, java.lang.Object, int)'> (0x00000000881379c8) 
thrown [s\open\src\hotspot\share\interpreter\linkResolver.cpp, line 774]
Event: 1.032 Thread 0x0000025502baaf00 Exception <a 'java/lang/NoSuchMethodError'{0x00000000881cb2d8}: 'java.lang.Object java.lang.invoke.Invokers$Holder.invokeExact_MT(java.lang.Object, java.lang.Object, java.lang.Object, java.lang.Object, java.lang.Object, java.lang.Object)'> (0x00000000881cb2d8) 
thrown [s\open\src\hotspot\share\interpreter\linkResolver.cpp, line 774]
Event: 1.036 Thread 0x0000025502baaf00 Exception <a 'java/lang/NoSuchMethodError'{0x00000000881d8bd8}: 'int java.lang.invoke.DirectMethodHandle$Holder.invokeStatic(java.lang.Object, java.lang.Object, java.lang.Object, java.lang.Object, java.lang.Object)'> (0x00000000881d8bd8) 
thrown [s\open\src\hotspot\share\interpreter\linkResolver.cpp, line 774]
Event: 1.052 Thread 0x0000025502baaf00 Exception <a 'java/lang/NoSuchMethodError'{0x00000000880261f0}: 'void java.lang.invoke.DirectMethodHandle$Holder.invokeStaticInit(java.lang.Object)'> (0x00000000880261f0) 
thrown [s\open\src\hotspot\share\interpreter\linkResolver.cpp, line 774]
Event: 1.152 Thread 0x0000025502baaf00 Exception <a 'java/lang/NoSuchMethodError'{0x0000000087f4cf78}: 'void java.lang.invoke.DirectMethodHandle$Holder.invokeStaticInit(java.lang.Object, java.lang.Object, java.lang.Object, java.lang.Object)'> (0x0000000087f4cf78) 
thrown [s\open\src\hotspot\share\interpreter\linkResolver.cpp, line 774]
Event: 1.180 Thread 0x0000025502baaf00 Exception <a 'java/lang/NoSuchMethodError'{0x0000000087fb1a48}: 'int java.lang.invoke.DirectMethodHandle$Holder.invokeStaticInit(java.lang.Object, java.lang.Object)'> (0x0000000087fb1a48) 
thrown [s\open\src\hotspot\share\interpreter\linkResolver.cpp, line 774]
Event: 3.129 Thread 0x0000025502baaf00 Exception <a 'java/lang/ClassNotFoundException'{0x000000008925edf8}: javax/smartcardio/CardPermission> (0x000000008925edf8) 
thrown [s\open\src\hotspot\share\classfile\systemDictionary.cpp, line 313]
Event: 3.143 Thread 0x0000025502baaf00 Exception <a 'java/io/FileNotFoundException'{0x000000008926d4c8}> (0x000000008926d4c8) 
thrown [s\open\src\hotspot\share\prims\jni.cpp, line 520]
Event: 3.185 Thread 0x0000025502baaf00 Exception <a 'java/lang/NoSuchMethodError'{0x00000000892f6af0}: 'java.lang.Object java.lang.invoke.DirectMethodHandle$Holder.invokeSpecial(java.lang.Object, java.lang.Object, java.lang.Object, long, java.lang.Object)'> (0x00000000892f6af0) 
thrown [s\open\src\hotspot\share\interpreter\linkResolver.cpp, line 774]
Event: 3.185 Thread 0x0000025502baaf00 Exception <a 'java/lang/NoSuchMethodError'{0x00000000892fa700}: 'java.lang.Object java.lang.invoke.Invokers$Holder.linkToTargetMethod(java.lang.Object, long, java.lang.Object, java.lang.Object)'> (0x00000000892fa700) 
thrown [s\open\src\hotspot\share\interpreter\linkResolver.cpp, line 774]

ZGC Phase Switch (0 events):
No events

VM Operations (16 events):
Event: 0.189 Executing VM operation: HandshakeAllThreads (Deoptimize)
Event: 0.189 Executing VM operation: HandshakeAllThreads (Deoptimize) done
Event: 0.494 Executing VM operation: HandshakeAllThreads (Deoptimize)
Event: 0.494 Executing VM operation: HandshakeAllThreads (Deoptimize) done
Event: 0.642 Executing VM operation: HandshakeAllThreads (Deoptimize)
Event: 0.642 Executing VM operation: HandshakeAllThreads (Deoptimize) done
Event: 0.985 Executing VM operation: HandshakeAllThreads (Deoptimize)
Event: 0.985 Executing VM operation: HandshakeAllThreads (Deoptimize) done
Event: 1.786 Executing VM operation: ICBufferFull
Event: 1.802 Executing VM operation: ICBufferFull done
Event: 2.307 Executing VM operation: G1CollectForAllocation (G1 Evacuation Pause)
Event: 2.919 Executing VM operation: G1CollectForAllocation (G1 Evacuation Pause) done
Event: 2.945 Executing VM operation: HandshakeAllThreads (Deoptimize)
Event: 2.945 Executing VM operation: HandshakeAllThreads (Deoptimize) done
Event: 3.162 Executing VM operation: HandshakeAllThreads (Deoptimize)
Event: 3.162 Executing VM operation: HandshakeAllThreads (Deoptimize) done

Events (13 events):
Event: 0.050 Thread 0x0000025502baaf00 Thread added: 0x0000025502baaf00
Event: 0.074 Thread 0x00000255215b42a0 Thread added: 0x00000255215b42a0
Event: 0.074 Thread 0x00000255215b4f20 Thread added: 0x00000255215b4f20
Event: 0.074 Thread 0x00000255215c0f60 Thread added: 0x00000255215c0f60
Event: 0.074 Thread 0x00000255215c1830 Thread added: 0x00000255215c1830
Event: 0.074 Thread 0x00000255215c6750 Thread added: 0x00000255215c6750
Event: 0.074 Thread 0x00000255215c6ef0 Thread added: 0x00000255215c6ef0
Event: 0.074 Thread 0x00000255215dc780 Thread added: 0x00000255215dc780
Event: 0.075 Thread 0x00000255215dd380 Thread added: 0x00000255215dd380
Event: 0.179 Thread 0x00000255217f4040 Thread added: 0x00000255217f4040
Event: 0.252 Thread 0x0000025521947850 Thread added: 0x0000025521947850
Event: 0.252 Thread 0x0000025521947ec0 Thread added: 0x0000025521947ec0
Event: 3.108 Thread 0x00000255678942f0 Thread added: 0x00000255678942f0


Dynamic libraries:
0x00007ff75f510000 - 0x00007ff75f51e000 	C:\Users\Usuario\.jdks\openjdk-22.0.1\bin\java.exe
0x00007ff9f5fe0000 - 0x00007ff9f61e9000 	C:\WINDOWS\SYSTEM32\ntdll.dll
0x00007ff9f4b40000 - 0x00007ff9f4bfd000 	C:\WINDOWS\System32\KERNEL32.DLL
0x00007ff9f3aa0000 - 0x00007ff9f3e24000 	C:\WINDOWS\System32\KERNELBASE.dll
0x00007ff9f3470000 - 0x00007ff9f3581000 	C:\WINDOWS\System32\ucrtbase.dll
0x00007ff9ee0b0000 - 0x00007ff9ee0c7000 	C:\Users\Usuario\.jdks\openjdk-22.0.1\bin\jli.dll
0x00007ff9eeb50000 - 0x00007ff9eeb6b000 	C:\Users\Usuario\.jdks\openjdk-22.0.1\bin\VCRUNTIME140.dll
0x00007ff9f4780000 - 0x00007ff9f492d000 	C:\WINDOWS\System32\USER32.dll
0x00007ff9ccaa0000 - 0x00007ff9ccd45000 	C:\WINDOWS\WinSxS\amd64_microsoft.windows.common-controls_6595b64144ccf1df_6.0.22000.120_none_9d947278b86cc467\COMCTL32.dll
0x00007ff9f3a70000 - 0x00007ff9f3a96000 	C:\WINDOWS\System32\win32u.dll
0x00007ff9f4460000 - 0x00007ff9f448a000 	C:\WINDOWS\System32\GDI32.dll
0x00007ff9f38b0000 - 0x00007ff9f39ce000 	C:\WINDOWS\System32\gdi32full.dll
0x00007ff9f39d0000 - 0x00007ff9f3a6d000 	C:\WINDOWS\System32\msvcp_win.dll
0x00007ff9f4930000 - 0x00007ff9f49d3000 	C:\WINDOWS\System32\msvcrt.dll
0x00007ff9f4a90000 - 0x00007ff9f4ac1000 	C:\WINDOWS\System32\IMM32.DLL
0x00007ff9eeb90000 - 0x00007ff9eeb9c000 	C:\Users\Usuario\.jdks\openjdk-22.0.1\bin\vcruntime140_1.dll
0x00007ff9da390000 - 0x00007ff9da41e000 	C:\Users\Usuario\.jdks\openjdk-22.0.1\bin\msvcp140.dll
0x00007ff984170000 - 0x00007ff984eb7000 	C:\Users\Usuario\.jdks\openjdk-22.0.1\bin\server\jvm.dll
0x00007ff9f5d50000 - 0x00007ff9f5dfe000 	C:\WINDOWS\System32\ADVAPI32.dll
0x00007ff9f4570000 - 0x00007ff9f460e000 	C:\WINDOWS\System32\sechost.dll
0x00007ff9f5660000 - 0x00007ff9f5781000 	C:\WINDOWS\System32\RPCRT4.dll
0x00007ff9f4c00000 - 0x00007ff9f4c6f000 	C:\WINDOWS\System32\WS2_32.dll
0x00007ff9ec260000 - 0x00007ff9ec26a000 	C:\WINDOWS\SYSTEM32\VERSION.dll
0x00007ff9ee3b0000 - 0x00007ff9ee3e3000 	C:\WINDOWS\SYSTEM32\WINMM.dll
0x00007ff9f1dd0000 - 0x00007ff9f1e1d000 	C:\WINDOWS\SYSTEM32\POWRPROF.dll
0x00007ff9f1f00000 - 0x00007ff9f1f13000 	C:\WINDOWS\SYSTEM32\UMPDC.dll
0x00007ff9f25d0000 - 0x00007ff9f25e8000 	C:\WINDOWS\SYSTEM32\kernel.appcore.dll
0x00007ff9ee990000 - 0x00007ff9ee99a000 	C:\Users\Usuario\.jdks\openjdk-22.0.1\bin\jimage.dll
0x00007ff9f0f20000 - 0x00007ff9f1141000 	C:\WINDOWS\SYSTEM32\DBGHELP.DLL
0x00007ff9ec540000 - 0x00007ff9ec571000 	C:\WINDOWS\SYSTEM32\dbgcore.DLL
0x00007ff9f3590000 - 0x00007ff9f360f000 	C:\WINDOWS\System32\bcryptPrimitives.dll
0x00007ff9eea70000 - 0x00007ff9eea7f000 	C:\Users\Usuario\.jdks\openjdk-22.0.1\bin\instrument.dll
0x00007ff9ec1e0000 - 0x00007ff9ec1fe000 	C:\Users\Usuario\.jdks\openjdk-22.0.1\bin\java.dll
0x00007ff9f4e30000 - 0x00007ff9f55f5000 	C:\WINDOWS\System32\SHELL32.dll
0x00007ff9f5e00000 - 0x00007ff9f5f9a000 	C:\WINDOWS\System32\ole32.dll
0x00007ff9f58e0000 - 0x00007ff9f5c56000 	C:\WINDOWS\System32\combase.dll
0x00007ff9f1550000 - 0x00007ff9f1db2000 	C:\WINDOWS\SYSTEM32\windows.storage.dll
0x00007ff9f13e0000 - 0x00007ff9f1547000 	C:\WINDOWS\SYSTEM32\wintypes.dll
0x00007ff9f5c60000 - 0x00007ff9f5d4a000 	C:\WINDOWS\System32\SHCORE.dll
0x00007ff9f4610000 - 0x00007ff9f466d000 	C:\WINDOWS\System32\shlwapi.dll
0x00007ff9f33a0000 - 0x00007ff9f33c5000 	C:\WINDOWS\SYSTEM32\profapi.dll
0x00007ff9bc7e0000 - 0x00007ff9bc8b7000 	C:\Users\Usuario\.jdks\openjdk-22.0.1\bin\jsvml.dll
0x00007ff9e8010000 - 0x00007ff9e8027000 	C:\Users\Usuario\.jdks\openjdk-22.0.1\bin\zip.dll
0x00007ff9ee970000 - 0x00007ff9ee980000 	C:\Users\Usuario\.jdks\openjdk-22.0.1\bin\net.dll
0x00007ff9f2a80000 - 0x00007ff9f2ae7000 	C:\WINDOWS\system32\mswsock.dll
0x00007ff9ec170000 - 0x00007ff9ec186000 	C:\Users\Usuario\.jdks\openjdk-22.0.1\bin\nio.dll
0x00007ff9ee9e0000 - 0x00007ff9ee9fa000 	C:\Program Files\JetBrains\IntelliJ IDEA 2024.1\bin\breakgen64.dll
0x00007ff9ecf80000 - 0x00007ff9ecf89000 	C:\Users\Usuario\.jdks\openjdk-22.0.1\bin\extnet.dll

dbghelp: loaded successfully - version: 4.0.5 - missing functions: none
symbol engine: initialized successfully - sym options: 0x614 - pdb path: .;C:\Users\Usuario\.jdks\openjdk-22.0.1\bin;C:\WINDOWS\SYSTEM32;C:\WINDOWS\WinSxS\amd64_microsoft.windows.common-controls_6595b64144ccf1df_6.0.22000.120_none_9d947278b86cc467;C:\Users\Usuario\.jdks\openjdk-22.0.1\bin\server;C:\Program Files\JetBrains\IntelliJ IDEA 2024.1\bin

VM Arguments:
jvm_args: -ea -Didea.test.cyclic.buffer.size=1048576 -javaagent:C:\Program Files\JetBrains\IntelliJ IDEA 2024.1\lib\idea_rt.jar=65018:C:\Program Files\JetBrains\IntelliJ IDEA 2024.1\bin -Dfile.encoding=UTF-8 -Dsun.stdout.encoding=UTF-8 -Dsun.stderr.encoding=UTF-8 
java_command: com.intellij.rt.junit.JUnitStarter -ideVersion5 -junit5 com.example.prueba_alten.superhero.adapter.in.controller.SuperHeroControllerTest,testUpdateSuperHero
java_class_path (initial): C:\Users\Usuario\.m2\repository\org\junit\platform\junit-platform-launcher\1.10.2\junit-platform-launcher-1.10.2.jar;C:\Program Files\JetBrains\IntelliJ IDEA 2024.1\lib\idea_rt.jar;C:\Program Files\JetBrains\IntelliJ IDEA 2024.1\plugins\junit\lib\junit5-rt.jar;C:\Program Files\JetBrains\IntelliJ IDEA 2024.1\plugins\junit\lib\junit-rt.jar;C:\Users\Usuario\Documents\Prueba_ALTEN\target\test-classes;C:\Users\Usuario\Documents\Prueba_ALTEN\target\classes;C:\Users\Usuario\.m2\repository\org\springframework\boot\spring-boot-starter\3.2.5\spring-boot-starter-3.2.5.jar;C:\Users\Usuario\.m2\repository\org\springframework\boot\spring-boot\3.2.5\spring-boot-3.2.5.jar;C:\Users\Usuario\.m2\repository\org\springframework\spring-context\6.1.6\spring-context-6.1.6.jar;C:\Users\Usuario\.m2\repository\org\springframework\boot\spring-boot-autoconfigure\3.2.5\spring-boot-autoconfigure-3.2.5.jar;C:\Users\Usuario\.m2\repository\org\springframework\boot\spring-boot-starter-logging\3.2.5\spring-boot-starter-logging-3.2.5.jar;C:\Users\Usuario\.m2\repository\ch\qos\logback\logback-classic\1.4.14\logback-classic-1.4.14.jar;C:\Users\Usuario\.m2\repository\ch\qos\logback\logback-core\1.4.14\logback-core-1.4.14.jar;C:\Users\Usuario\.m2\repository\org\apache\logging\log4j\log4j-to-slf4j\2.21.1\log4j-to-slf4j-2.21.1.jar;C:\Users\Usuario\.m2\repository\org\apache\logging\log4j\log4j-api\2.21.1\log4j-api-2.21.1.jar;C:\Users\Usuario\.m2\repository\org\slf4j\jul-to-slf4j\2.0.13\jul-to-slf4j-2.0.13.jar;C:\Users\Usuario\.m2\repository\jakarta\annotation\jakarta.annotation-api\2.1.1\jakarta.annotation-api-2.1.1.jar;C:\Users\Usuario\.m2\repository\org\springframework\spring-core\6.1.6\spring-core-6.1.6.jar;C:\Users\Usuario\.m2\repository\org\springframework\spring-jcl\6.1.6\spring-jcl-6.1.6.jar;C:\Users\Usuario\.m2\repository\org\yaml\snakeyaml\2.2\snakeyaml-2.2.jar;C:\Users\Usuario\.m2\repository\org\springframework\boot\spring-boot-starter-web\3.2.5\spring-boot-starter-web-3.2.5.jar;C:\Users\Usuario\.m2\repository\org\springframework\boot\spring-boot-starter-json\3.2.5\spring-boot-starter-json-3.2.5.jar;C:\Users\Usuario\.m2\repository\com\fasterxml\jackson\core\jackson-databind\2.15.4\jackson-databind-2.15.4.jar;C:\Users\Usuario\.m2\repository\com\fasterxml\jackson\core\jackson-annotations\2.15.4\jackson-annotations-2.15.4.jar;C:\Users\Usuario\.m2\repository\com\fasterxml\jackson\core\jackson-core\2.15.4\jackson-core-2.15.4.jar;C:\Users\Usuario\.m2\repository\com\fasterxml\jackson\datatype\jackson-datatype-jdk8\2.15.4\jackson-datatype-jdk8-2.15.4.jar;C:\Users\Usuario\.m2\repository\com\fasterxml\jackson\datatype\jackson-datatype-jsr310\2.15.4\jackson-datatype-jsr310-2.15.4.jar;C:\Users\Usuario\.m2\repository\com\fasterxml\jackson\module\jackson-module-parameter-names\2.15.4\jackson-module-parameter-names-2.15.4.jar;C:\Users\Usuario\.m2\repository\org\springframework\boot\spring-boot-starter-tomcat\3.2.5\spring-boot-starter-tomcat-3.2.5.jar;C:\Users\Usuario\.m2\repository\org\apache\tomcat\embed\tomcat-embed-core\10.1.20\tomcat-embed-core-10.1.20.jar;C:\Users\Usuario\.m2\repository\org\apache\tomcat\embed\tomcat-embed-el\10.1.20\tomcat-embed-el-10.1.20.jar;C:\Users\Usuario\.m2\repository\org\apache\tomcat\embed\tomcat-embed-websocket\10.1.20\tomcat-embed-websocket-10.1.20.jar;C:\Users\Usuario\.m2\repository\org\springframework\spring-web\6.1.6\spring-web-6.1.6.jar;C:\Users\Usuario\.m2\repository\org\springframework\spring-beans\6.1.6\spring-beans-6.1.6.jar;C:\Users\Usuario\.m2\repository\io\micrometer\micrometer-observation\1.12.5\micrometer-observation-1.12.5.jar;C:\Users\Usuario\.m2\repository\io\micrometer\micrometer-commons\1.12.5\micrometer-commons-1.12.5.jar;C:\Users\Usuario\.m2\repository\org\springframework\spring-webmvc\6.1.6\spring-webmvc-6.1.6.jar;C:\Users\Usuario\.m2\repository\org\springframework\spring-aop\6.1.6\spring-aop-6.1.6.jar;C:\Users\Usuario\.m2\repository\org\springframework\spring-expression\6.1.6\spring-expression-6.1.6.jar;C:\Users\Usuario\.m2\repository\org\springframework\boot\spring-boot-starter-data-jpa\3.2.5\spring-boot-starter-data-jpa-3.2.5.jar;C:\Users\Usuario\.m2\repository\org\springframework\boot\spring-boot-starter-aop\3.2.5\spring-boot-starter-aop-3.2.5.jar;C:\Users\Usuario\.m2\repository\org\aspectj\aspectjweaver\1.9.22\aspectjweaver-1.9.22.jar;C:\Users\Usuario\.m2\repository\org\springframework\boot\spring-boot-starter-jdbc\3.2.5\spring-boot-starter-jdbc-3.2.5.jar;C:\Users\Usuario\.m2\repository\com\zaxxer\HikariCP\5.0.1\HikariCP-5.0.1.jar;C:\Users\Usuario\.m2\repository\org\springframework\spring-jdbc\6.1.6\spring-jdbc-6.1.6.jar;C:\Users\Usuario\.m2\repository\org\hibernate\orm\hibernate-core\6.4.4.Final\hibernate-core-6.4.4.Final.jar;C:\Users\Usuario\.m2\repository\jakarta\persistence\jakarta.persistence-api\3.1.0\jakarta.persistence-api-3.1.0.jar;C:\Users\Usuario\.m2\repository\jakarta\transaction\jakarta.transaction-api\2.0.1\jakarta.transaction-api-2.0.1.jar;C:\Users\Usuario\.m2\repository\org\jboss\logging\jboss-logging\3.5.3.Final\jboss-logging-3.5.3.Final.jar;C:\Users\Usuario\.m2\repository\org\hibernate\common\hibernate-commons-annotations\6.0.6.Final\hibernate-commons-annotations-6.0.6.Final.jar;C:\Users\Usuario\.m2\repository\io\smallrye\jandex\3.1.2\jandex-3.1.2.jar;C:\Users\Usuario\.m2\repository\com\fasterxml\classmate\1.6.0\classmate-1.6.0.jar;C:\Users\Usuario\.m2\repository\net\bytebuddy\byte-buddy\1.14.13\byte-buddy-1.14.13.jar;C:\Users\Usuario\.m2\repository\org\glassfish\jaxb\jaxb-runtime\4.0.5\jaxb-runtime-4.0.5.jar;C:\Users\Usuario\.m2\repository\org\glassfish\jaxb\jaxb-core\4.0.5\jaxb-core-4.0.5.jar;C:\Users\Usuario\.m2\repository\org\eclipse\angus\angus-activation\2.0.2\angus-activation-2.0.2.jar;C:\Users\Usuario\.m2\repository\org\glassfish\jaxb\txw2\4.0.5\txw2-4.0.5.jar;C:\Users\Usuario\.m2\repository\com\sun\istack\istack-commons-runtime\4.1.2\istack-commons-runtime-4.1.2.jar;C:\Users\Usuario\.m2\repository\jakarta\inject\jakarta.inject-api\2.0.1\jakarta.inject-api-2.0.1.jar;C:\Users\Usuario\.m2\repository\org\antlr\antlr4-runtime\4.13.0\antlr4-runtime-4.13.0.jar;C:\Users\Usuario\.m2\repository\org\springframework\data\spring-data-jpa\3.2.5\spring-data-jpa-3.2.5.jar;C:\Users\Usuario\.m2\repository\org\springframework\data\spring-data-commons\3.2.5\spring-data-commons-3.2.5.jar;C:\Users\Usuario\.m2\repository\org\springframework\spring-orm\6.1.6\spring-orm-6.1.6.jar;C:\Users\Usuario\.m2\repository\org\springframework\spring-tx\6.1.6\spring-tx-6.1.6.jar;C:\Users\Usuario\.m2\repository\org\slf4j\slf4j-api\2.0.13\slf4j-api-2.0.13.jar;C:\Users\Usuario\.m2\repository\org\springframework\spring-aspects\6.1.6\spring-aspects-6.1.6.jar;C:\Users\Usuario\.m2\repository\com\h2database\h2\2.2.224\h2-2.2.224.jar;C:\Users\Usuario\.m2\repository\org\springframework\boot\spring-boot-starter-test\3.2.5\spring-boot-starter-test-3.2.5.jar;C:\Users\Usuario\.m2\repository\org\springframework\boot\spring-boot-test\3.2.5\spring-boot-test-3.2.5.jar;C:\Users\Usuario\.m2\repository\org\springframework\boot\spring-boot-test-autoconfigure\3.2.5\spring-boot-test-autoconfigure-3.2.5.jar;C:\Users\Usuario\.m2\repository\com\jayway\jsonpath\json-path\2.9.0\json-path-2.9.0.jar;C:\Users\Usuario\.m2\repository\jakarta\xml\bind\jakarta.xml.bind-api\4.0.2\jakarta.xml.bind-api-4.0.2.jar;C:\Users\Usuario\.m2\repository\jakarta\activation\jakarta.activation-api\2.1.3\jakarta.activation-api-2.1.3.jar;C:\Users\Usuario\.m2\repository\net\minidev\json-smart\2.5.1\json-smart-2.5.1.jar;C:\Users\Usuario\.m2\repository\net\minidev\accessors-smart\2.5.1\accessors-smart-2.5.1.jar;C:\Users\Usuario\.m2\repository\org\ow2\asm\asm\9.6\asm-9.6.jar;C:\Users\Usuario\.m2\repository\org\assertj\assertj-core\3.24.2\assertj-core-3.24.2.jar;C:\Users\Usuario\.m2\repository\org\awaitility\awaitility\4.2.1\awaitility-4.2.1.jar;C:\Users\Usuario\.m2\repository\org\hamcrest\hamcrest\2.2\hamcrest-2.2.jar;C:\Users\Usuario\.m2\repository\org\junit\jupiter\junit-jupiter\5.10.2\junit-jupiter-5.10.2.jar;C:\Users\Usuario\.m2\repository\org\junit\jupiter\junit-jupiter-api\5.10.2\junit-jupiter-api-5.10.2.jar;C:\Users\Usuario\.m2\repository\org\opentest4j\opentest4j\1.3.0\opentest4j-1.3.0.jar;C:\Users\Usuario\.m2\repository\org\junit\platform\junit-platform-commons\1.10.2\junit-platform-commons-1.10.2.jar;C:\Users\Usuario\.m2\repository\org\apiguardian\apiguardian-api\1.1.2\apiguardian-api-1.1.2.jar;C:\Users\Usuario\.m2\repository\org\junit\jupiter\junit-jupiter-params\5.10.2\junit-jupiter-params-5.10.2.jar;C:\Users\Usuario\.m2\repository\org\junit\jupiter\junit-jupiter-engine\5.10.2\junit-jupiter-engine-5.10.2.jar;C:\Users\Usuario\.m2\repository\org\junit\platform\junit-platform-engine\1.10.2\junit-platform-engine-1.10.2.jar;C:\Users\Usuario\.m2\repository\org\mockito\mockito-core\5.7.0\mockito-core-5.7.0.jar;C:\Users\Usuario\.m2\repository\net\bytebuddy\byte-buddy-agent\1.14.13\byte-buddy-agent-1.14.13.jar;C:\Users\Usuario\.m2\repository\org\objenesis\objenesis\3.3\objenesis-3.3.jar;C:\Users\Usuario\.m2\repository\org\mockito\mockito-junit-jupiter\5.7.0\mockito-junit-jupiter-5.7.0.jar;C:\Users\Usuario\.m2\repository\org\skyscreamer\jsonassert\1.5.1\jsonassert-1.5.1.jar;C:\Users\Usuario\.m2\repository\com\vaadin\external\google\android-json\0.0.20131108.vaadin1\android-json-0.0.20131108.vaadin1.jar;C:\Users\Usuario\.m2\repository\org\springframework\spring-test\6.1.6\spring-test-6.1.6.jar;C:\Users\Usuario\.m2\repository\org\xmlunit\xmlunit-core\2.9.1\xmlunit-core-2.9.1.jar;C:\Users\Usuario\.m2\repository\org\projectlombok\lombok\1.18.32\lombok-1.18.32.jar;C:\Users\Usuario\.m2\repository\org\mapstruct\mapstruct\1.5.5.Final\mapstruct-1.5.5.Final.jar;C:\Users\Usuario\.m2\repository\javax\persistence\javax.persistence-api\2.2\javax.persistence-api-2.2.jar
Launcher Type: SUN_STANDARD

[Global flags]
     intx CICompilerCount                          = 4                                         {product} {ergonomic}
     uint ConcGCThreads                            = 2                                         {product} {ergonomic}
     uint G1ConcRefinementThreads                  = 8                                         {product} {ergonomic}
   size_t G1HeapRegionSize                         = 1048576                                   {product} {ergonomic}
   size_t InitialHeapSize                          = 134217728                                 {product} {ergonomic}
   size_t MarkStackSize                            = 4194304                                   {product} {ergonomic}
   size_t MaxHeapSize                              = 2126512128                                {product} {ergonomic}
   size_t MaxNewSize                               = 1275068416                                {product} {ergonomic}
   size_t MinHeapDeltaBytes                        = 1048576                                   {product} {ergonomic}
   size_t MinHeapSize                              = 8388608                                   {product} {ergonomic}
    uintx NonNMethodCodeHeapSize                   = 5839372                                {pd product} {ergonomic}
    uintx NonProfiledCodeHeapSize                  = 122909434                              {pd product} {ergonomic}
    uintx ProfiledCodeHeapSize                     = 122909434                              {pd product} {ergonomic}
    uintx ReservedCodeCacheSize                    = 251658240                              {pd product} {ergonomic}
     bool SegmentedCodeCache                       = true                                      {product} {ergonomic}
   size_t SoftMaxHeapSize                          = 2126512128                             {manageable} {ergonomic}
     bool UseCompressedOops                        = true                           {product lp64_product} {ergonomic}
     bool UseG1GC                                  = true                                      {product} {ergonomic}
     bool UseLargePagesIndividualAllocation        = false                                  {pd product} {ergonomic}

Logging:
Log output configuration:
 #0: stdout all=warning uptime,level,tags foldmultilines=false
 #1: stderr all=off uptime,level,tags foldmultilines=false

Environment Variables:
PATH=C:\oraclexe\app\oracle\product\11.2.0\server\bin;C:\Program Files (x86)\Common Files\Oracle\Java\javapath;C:\WINDOWS\system32;C:\WINDOWS;C:\WINDOWS\System32\Wbem;C:\WINDOWS\System32\WindowsPowerShell\v1.0\;C:\WINDOWS\System32\OpenSSH\;C:\Program Files\dotnet\;C:\Program Files\Microsoft SQL Server\130\Tools\Binn\;C:\wamp64\bin\php\php7.3.21\;C:\Users\Usuario\AppData\Local\Microsoft\WindowsApps
USERNAME=Usuario
OS=Windows_NT
PROCESSOR_IDENTIFIER=Intel64 Family 6 Model 142 Stepping 10, GenuineIntel
TMP=C:\Users\Usuario\AppData\Local\Temp
TEMP=C:\Users\Usuario\AppData\Local\Temp




Periodic native trim disabled

---------------  S Y S T E M  ---------------

OS:
 Windows 11 , 64 bit Build 22000 (10.0.22000.2538)
OS uptime: 168 days 9:11 hours

CPU: total 8 (initial active 8) (4 cores per cpu, 2 threads per core) family 6 model 142 stepping 10 microcode 0xe0, cx8, cmov, fxsr, ht, mmx, 3dnowpref, sse, sse2, sse3, ssse3, sse4.1, sse4.2, popcnt, lzcnt, tsc, tscinvbit, avx, avx2, aes, erms, clmul, bmi1, bmi2, adx, fma, vzeroupper, clflush, clflushopt, rdtscp, f16c
Processor Information for all 8 processors :
  Max Mhz: 1801, Current Mhz: 1801, Mhz Limit: 1801

Memory: 4k page, system-wide physical 8107M (394M free)
TotalPageFile size 32683M (AvailPageFile size 1M)
current process WorkingSet (physical memory assigned to process): 90M, peak: 90M
current process commit charge ("private bytes"): 230M, peak: 230M

vm_info: OpenJDK 64-Bit Server VM (22.0.1+8-16) for windows-amd64 JRE (22.0.1+8-16), built on 2024-03-12T10:33:16Z by "mach5one" with MS VC++ 17.6 (VS2022)

END.
