#
# There is insufficient memory for the Java Runtime Environment to continue.
# Native memory allocation (malloc) failed to allocate 1417344 bytes. Error detail: Chunk::new
# Possible reasons:
#   The system is out of physical RAM or swap space
#   This process is running with CompressedOops enabled, and the Java Heap may be blocking the growth of the native heap
# Possible solutions:
#   Reduce memory load on the system
#   Increase physical memory or swap space
#   Check if swap backing store is full
#   Decrease Java heap size (-Xmx/-Xms)
#   Decrease number of Java threads
#   Decrease Java thread stack sizes (-Xss)
#   Set larger code cache with -XX:ReservedCodeCacheSize=
#   JVM is running with Unscaled Compressed Oops mode in which the Java heap is
#     placed in the first 4GB address space. The Java Heap base address is the
#     maximum limit for the native heap growth. Please use -XX:HeapBaseMinAddress
#     to set the Java Heap base and to place the Java Heap above 4GB virtual address.
# This output file may be truncated or incomplete.
#
#  Out of Memory Error (arena.cpp:150), pid=15048, tid=17392
#
# JRE version: OpenJDK Runtime Environment (22.0.1+8) (build 22.0.1+8-16)
# Java VM: OpenJDK 64-Bit Server VM (22.0.1+8-16, mixed mode, sharing, tiered, compressed oops, compressed class ptrs, g1 gc, windows-amd64)
# No core dump will be written. Minidumps are not enabled by default on client versions of Windows
#

---------------  S U M M A R Y ------------

Command Line: -ea -Didea.test.cyclic.buffer.size=1048576 -javaagent:C:\Program Files\JetBrains\IntelliJ IDEA 2024.1\lib\idea_rt.jar=65015:C:\Program Files\JetBrains\IntelliJ IDEA 2024.1\bin -Dfile.encoding=UTF-8 -Dsun.stdout.encoding=UTF-8 -Dsun.stderr.encoding=UTF-8 com.intellij.rt.junit.JUnitStarter -ideVersion5 -junit5 com.example.prueba_alten.superhero.adapter.in.controller.SuperHeroControllerTest,testUpdateSuperHero

Host: Intel(R) Core(TM) i5-8250U CPU @ 1.60GHz, 8 cores, 7G,  Windows 11 , 64 bit Build 22000 (10.0.22000.2538)
Time: Tue May  7 14:30:38 2024 Hora de verano romance elapsed time: 6.813685 seconds (0d 0h 0m 6s)

---------------  T H R E A D  ---------------

Current thread (0x00000191748c46f0):  JavaThread "C2 CompilerThread0" daemon [_thread_in_native, id=17392, stack(0x00000089d7000000,0x00000089d7100000) (1024K)]


Current CompileTask:
C2:6813 3174       4       java.lang.invoke.MethodType::makeImpl (109 bytes)

Stack: [0x00000089d7000000,0x00000089d7100000]
Native frames: (J=compiled Java code, j=interpreted, Vv=VM code, C=native code)
V  [jvm.dll+0x6e2279]  (no source info available)
V  [jvm.dll+0x874e33]  (no source info available)
V  [jvm.dll+0x87725e]  (no source info available)
V  [jvm.dll+0x877933]  (no source info available)
V  [jvm.dll+0x27fd76]  (no source info available)
V  [jvm.dll+0xc3d0f]  (no source info available)
V  [jvm.dll+0xc3f6b]  (no source info available)
V  [jvm.dll+0x3bb10c]  (no source info available)
V  [jvm.dll+0x1df87e]  (no source info available)
V  [jvm.dll+0x247a5c]  (no source info available)
V  [jvm.dll+0x246fbf]  (no source info available)
V  [jvm.dll+0x1c4e90]  (no source info available)
V  [jvm.dll+0x2569fe]  (no source info available)
V  [jvm.dll+0x254cba]  (no source info available)
V  [jvm.dll+0x3f5336]  (no source info available)
V  [jvm.dll+0x81d44b]  (no source info available)
V  [jvm.dll+0x6e0915]  (no source info available)
C  [ucrtbase.dll+0x26c0c]  (no source info available)
C  [KERNEL32.DLL+0x153e0]  (no source info available)
C  [ntdll.dll+0x485b]  (no source info available)


---------------  P R O C E S S  ---------------

Threads class SMR info:
_java_thread_list=0x0000019146a57950, length=12, elements={
0x0000019155e9ad20, 0x0000019174880690, 0x0000019174883100, 0x000001917488d970,
0x000001917488e3d0, 0x0000019174893050, 0x00000191748b5070, 0x00000191748c46f0,
0x00000191748c8210, 0x000001914523a670, 0x000001914523b390, 0x0000019145239fe0
}

Java Threads: ( => current thread )
  0x0000019155e9ad20 JavaThread "main"                              [_thread_in_native, id=28772, stack(0x00000089d6200000,0x00000089d6300000) (1024K)]
  0x0000019174880690 JavaThread "Reference Handler"          daemon [_thread_blocked, id=25408, stack(0x00000089d6a00000,0x00000089d6b00000) (1024K)]
  0x0000019174883100 JavaThread "Finalizer"                  daemon [_thread_blocked, id=512, stack(0x00000089d6b00000,0x00000089d6c00000) (1024K)]
  0x000001917488d970 JavaThread "Signal Dispatcher"          daemon [_thread_blocked, id=33088, stack(0x00000089d6c00000,0x00000089d6d00000) (1024K)]
  0x000001917488e3d0 JavaThread "Attach Listener"            daemon [_thread_blocked, id=11584, stack(0x00000089d6d00000,0x00000089d6e00000) (1024K)]
  0x0000019174893050 JavaThread "Service Thread"             daemon [_thread_blocked, id=11912, stack(0x00000089d6e00000,0x00000089d6f00000) (1024K)]
  0x00000191748b5070 JavaThread "Monitor Deflation Thread"   daemon [_thread_blocked, id=28664, stack(0x00000089d6f00000,0x00000089d7000000) (1024K)]
=>0x00000191748c46f0 JavaThread "C2 CompilerThread0"         daemon [_thread_in_native, id=17392, stack(0x00000089d7000000,0x00000089d7100000) (1024K)]
  0x00000191748c8210 JavaThread "C1 CompilerThread0"         daemon [_thread_blocked, id=33236, stack(0x00000089d7100000,0x00000089d7200000) (1024K)]
  0x000001914523a670 JavaThread "Common-Cleaner"             daemon [_thread_blocked, id=6212, stack(0x00000089d7200000,0x00000089d7300000) (1024K)]
  0x000001914523b390 JavaThread "Monitor Ctrl-Break"         daemon [_thread_in_native, id=1588, stack(0x00000089d7300000,0x00000089d7400000) (1024K)]
  0x0000019145239fe0 JavaThread "Notification Thread"        daemon [_thread_blocked, id=18612, stack(0x00000089d7400000,0x00000089d7500000) (1024K)]
Total: 12

Other Threads:
  0x0000019174866a60 VMThread "VM Thread"                           [id=10984, stack(0x00000089d6900000,0x00000089d6a00000) (1024K)]
  0x000001917484d4b0 WatcherThread "VM Periodic Task Thread"        [id=14908, stack(0x00000089d6800000,0x00000089d6900000) (1024K)]
  0x00000191580706b0 WorkerThread "GC Thread#0"                     [id=4816, stack(0x00000089d6300000,0x00000089d6400000) (1024K)]
  0x0000019145e1cb80 WorkerThread "GC Thread#1"                     [id=2800, stack(0x00000089d7500000,0x00000089d7600000) (1024K)]
  0x0000019145e1cf30 WorkerThread "GC Thread#2"                     [id=27552, stack(0x00000089d7600000,0x00000089d7700000) (1024K)]
  0x0000019145efe720 WorkerThread "GC Thread#3"                     [id=13016, stack(0x00000089d7700000,0x00000089d7800000) (1024K)]
  0x0000019145f070d0 WorkerThread "GC Thread#4"                     [id=29812, stack(0x00000089d7800000,0x00000089d7900000) (1024K)]
  0x0000019145f0f490 WorkerThread "GC Thread#5"                     [id=18244, stack(0x00000089d7900000,0x00000089d7a00000) (1024K)]
  0x0000019145f0fc50 WorkerThread "GC Thread#6"                     [id=24836, stack(0x00000089d7a00000,0x00000089d7b00000) (1024K)]
  0x0000019145f11030 WorkerThread "GC Thread#7"                     [id=19412, stack(0x00000089d7b00000,0x00000089d7c00000) (1024K)]
  0x00000191580815d0 ConcurrentGCThread "G1 Main Marker"            [id=7968, stack(0x00000089d6400000,0x00000089d6500000) (1024K)]
  0x0000019158082880 WorkerThread "G1 Conc#0"                       [id=19376, stack(0x00000089d6500000,0x00000089d6600000) (1024K)]
  0x00000191457ace40 WorkerThread "G1 Conc#1"                       [id=26740, stack(0x00000089d7e00000,0x00000089d7f00000) (1024K)]
  0x00000191580de790 ConcurrentGCThread "G1 Refine#0"               [id=33620, stack(0x00000089d6600000,0x00000089d6700000) (1024K)]
  0x00000191747124b0 ConcurrentGCThread "G1 Service"                [id=32292, stack(0x00000089d6700000,0x00000089d6800000) (1024K)]
Total: 15

Threads with active compile tasks:
C2 CompilerThread0  7550 3174       4       java.lang.invoke.MethodType::makeImpl (109 bytes)
Total: 1

VM state: not at safepoint (normal execution)

VM Mutex/Monitor currently owned by a thread: None

Heap address: 0x0000000081400000, size: 2028 MB, Compressed Oops mode: 32-bit

CDS archive(s) mapped at: [0x0000019100000000-0x0000019100c50000-0x0000019100c50000), size 12910592, SharedBaseAddress: 0x0000019100000000, ArchiveRelocationMode: 1.
Compressed class space mapped at: 0x0000019101000000-0x0000019141000000, reserved size: 1073741824
Narrow klass base: 0x0000019100000000, Narrow klass shift: 0, Narrow klass range: 0x41000000

GC Precious Log:
 CardTable entry size: 512
 Card Set container configuration: InlinePtr #cards 5 size 8 Array Of Cards #cards 12 size 40 Howl #buckets 4 coarsen threshold 1843 Howl Bitmap #cards 512 size 80 coarsen threshold 460 Card regions per heap region 1 cards per card region 2048
 CPUs: 8 total, 8 available
 Memory: 8107M
 Large Page Support: Disabled
 NUMA Support: Disabled
 Compressed Oops: Enabled (32-bit)
 Heap Region Size: 1M
 Heap Min Capacity: 8M
 Heap Initial Capacity: 128M
 Heap Max Capacity: 2028M
 Pre-touch: Disabled
 Parallel Workers: 8
 Concurrent Workers: 2
 Concurrent Refinement Workers: 8
 Periodic GC: Disabled

Heap:
 garbage-first heap   total reserved 2076672K, committed 45056K, used 36162K [0x0000000081400000, 0x0000000100000000)
  region size 1024K, 31 young (31744K), 6 survivors (6144K)
 Metaspace       used 25582K, committed 26048K, reserved 1114112K
  class space    used 3320K, committed 3520K, reserved 1048576K

Heap Regions: E=young(eden), S=young(survivor), O=old, HS=humongous(starts), HC=humongous(continues), CS=collection set, F=free, TAMS=top-at-mark-start, PB=parsable bottom
|   0|0x0000000081400000, 0x0000000081500000, 0x0000000081500000|100%|HS|  |TAMS 0x0000000081400000| PB 0x0000000081400000| Complete |  0
|   1|0x0000000081500000, 0x0000000081600000, 0x0000000081600000|100%| O|  |TAMS 0x0000000081500000| PB 0x0000000081500000| Untracked |  0
|   2|0x0000000081600000, 0x0000000081700000, 0x0000000081700000|100%| O|  |TAMS 0x0000000081600000| PB 0x0000000081600000| Untracked |  0
|   3|0x0000000081700000, 0x0000000081800000, 0x0000000081800000|100%| O|  |TAMS 0x0000000081700000| PB 0x0000000081700000| Untracked |  0
|   4|0x0000000081800000, 0x0000000081900000, 0x0000000081900000|100%| O|  |TAMS 0x0000000081800000| PB 0x0000000081800000| Untracked |  0
|   5|0x0000000081900000, 0x0000000081a00000, 0x0000000081a00000|100%| O|  |TAMS 0x0000000081900000| PB 0x0000000081900000| Untracked |  0
|   6|0x0000000081a00000, 0x0000000081b00000, 0x0000000081b00000|100%| O|  |TAMS 0x0000000081a00000| PB 0x0000000081a00000| Untracked |  0
|   7|0x0000000081b00000, 0x0000000081b00000, 0x0000000081c00000|  0%| F|  |TAMS 0x0000000081b00000| PB 0x0000000081b00000| Untracked |  0
|   8|0x0000000081c00000, 0x0000000081c00000, 0x0000000081d00000|  0%| F|  |TAMS 0x0000000081c00000| PB 0x0000000081c00000| Untracked |  0
|   9|0x0000000081d00000, 0x0000000081d00000, 0x0000000081e00000|  0%| F|  |TAMS 0x0000000081d00000| PB 0x0000000081d00000| Untracked |  0
|  10|0x0000000081e00000, 0x0000000081e00000, 0x0000000081f00000|  0%| F|  |TAMS 0x0000000081e00000| PB 0x0000000081e00000| Untracked |  0
|  11|0x0000000081f00000, 0x0000000081f00000, 0x0000000082000000|  0%| F|  |TAMS 0x0000000081f00000| PB 0x0000000081f00000| Untracked |  0
|  12|0x0000000082000000, 0x0000000082000000, 0x0000000082100000|  0%| F|  |TAMS 0x0000000082000000| PB 0x0000000082000000| Untracked |  0
|  13|0x0000000082100000, 0x0000000082180000, 0x0000000082200000| 50%| E|  |TAMS 0x0000000082100000| PB 0x0000000082100000| Complete |  0
|  14|0x0000000082200000, 0x0000000082300000, 0x0000000082300000|100%| E|CS|TAMS 0x0000000082200000| PB 0x0000000082200000| Complete |  0
|  15|0x0000000082300000, 0x0000000082400000, 0x0000000082400000|100%| E|CS|TAMS 0x0000000082300000| PB 0x0000000082300000| Complete |  0
|  16|0x0000000082400000, 0x0000000082500000, 0x0000000082500000|100%| E|CS|TAMS 0x0000000082400000| PB 0x0000000082400000| Complete |  0
|  17|0x0000000082500000, 0x0000000082600000, 0x0000000082600000|100%| E|CS|TAMS 0x0000000082500000| PB 0x0000000082500000| Complete |  0
|  18|0x0000000082600000, 0x0000000082700000, 0x0000000082700000|100%| E|CS|TAMS 0x0000000082600000| PB 0x0000000082600000| Complete |  0
|  19|0x0000000082700000, 0x0000000082800000, 0x0000000082800000|100%| E|CS|TAMS 0x0000000082700000| PB 0x0000000082700000| Complete |  0
|  20|0x0000000082800000, 0x0000000082900000, 0x0000000082900000|100%| E|CS|TAMS 0x0000000082800000| PB 0x0000000082800000| Complete |  0
|  21|0x0000000082900000, 0x0000000082a00000, 0x0000000082a00000|100%| E|CS|TAMS 0x0000000082900000| PB 0x0000000082900000| Complete |  0
|  22|0x0000000082a00000, 0x0000000082b00000, 0x0000000082b00000|100%| E|CS|TAMS 0x0000000082a00000| PB 0x0000000082a00000| Complete |  0
|  23|0x0000000082b00000, 0x0000000082c00000, 0x0000000082c00000|100%| E|CS|TAMS 0x0000000082b00000| PB 0x0000000082b00000| Complete |  0
|  24|0x0000000082c00000, 0x0000000082d00000, 0x0000000082d00000|100%| E|CS|TAMS 0x0000000082c00000| PB 0x0000000082c00000| Complete |  0
|  25|0x0000000082d00000, 0x0000000082e00000, 0x0000000082e00000|100%| E|CS|TAMS 0x0000000082d00000| PB 0x0000000082d00000| Complete |  0
|  26|0x0000000082e00000, 0x0000000082f00000, 0x0000000082f00000|100%| E|CS|TAMS 0x0000000082e00000| PB 0x0000000082e00000| Complete |  0
|  27|0x0000000082f00000, 0x0000000083000000, 0x0000000083000000|100%| E|CS|TAMS 0x0000000082f00000| PB 0x0000000082f00000| Complete |  0
|  28|0x0000000083000000, 0x0000000083100000, 0x0000000083100000|100%| E|CS|TAMS 0x0000000083000000| PB 0x0000000083000000| Complete |  0
|  29|0x0000000083100000, 0x0000000083200000, 0x0000000083200000|100%| E|CS|TAMS 0x0000000083100000| PB 0x0000000083100000| Complete |  0
|  30|0x0000000083200000, 0x0000000083300000, 0x0000000083300000|100%| E|CS|TAMS 0x0000000083200000| PB 0x0000000083200000| Complete |  0
|  31|0x0000000083300000, 0x0000000083400000, 0x0000000083400000|100%| E|CS|TAMS 0x0000000083300000| PB 0x0000000083300000| Complete |  0
|  32|0x0000000083400000, 0x0000000083500000, 0x0000000083500000|100%| E|CS|TAMS 0x0000000083400000| PB 0x0000000083400000| Complete |  0
|  33|0x0000000083500000, 0x0000000083600000, 0x0000000083600000|100%| E|CS|TAMS 0x0000000083500000| PB 0x0000000083500000| Complete |  0
|  34|0x0000000083600000, 0x0000000083700000, 0x0000000083700000|100%| E|CS|TAMS 0x0000000083600000| PB 0x0000000083600000| Complete |  0
|  35|0x0000000083700000, 0x0000000083800000, 0x0000000083800000|100%| E|CS|TAMS 0x0000000083700000| PB 0x0000000083700000| Complete |  0
|  89|0x0000000086d00000, 0x0000000086d50be0, 0x0000000086e00000| 31%| S|CS|TAMS 0x0000000086d00000| PB 0x0000000086d00000| Complete |  0
|  90|0x0000000086e00000, 0x0000000086f00000, 0x0000000086f00000|100%| S|CS|TAMS 0x0000000086e00000| PB 0x0000000086e00000| Complete |  0
|  91|0x0000000086f00000, 0x0000000087000000, 0x0000000087000000|100%| S|CS|TAMS 0x0000000086f00000| PB 0x0000000086f00000| Complete |  0
|  92|0x0000000087000000, 0x0000000087100000, 0x0000000087100000|100%| S|CS|TAMS 0x0000000087000000| PB 0x0000000087000000| Complete |  0
|  96|0x0000000087400000, 0x0000000087500000, 0x0000000087500000|100%| S|CS|TAMS 0x0000000087400000| PB 0x0000000087400000| Complete |  0
|  97|0x0000000087500000, 0x0000000087600000, 0x0000000087600000|100%| S|CS|TAMS 0x0000000087500000| PB 0x0000000087500000| Complete |  0
| 126|0x0000000089200000, 0x0000000089300000, 0x0000000089300000|100%| E|CS|TAMS 0x0000000089200000| PB 0x0000000089200000| Complete |  0
| 127|0x0000000089300000, 0x0000000089400000, 0x0000000089400000|100%| E|  |TAMS 0x0000000089300000| PB 0x0000000089300000| Complete |  0

Card table byte_map: [0x000001916fa90000,0x000001916fe90000] _byte_map_base: 0x000001916f686000

Marking Bits: (CMBitMap*) 0x0000019158070dc0
 Bits: [0x000001916fe90000, 0x0000019171e40000)

Polling page: 0x0000019155fe0000

Metaspace:

Usage:
  Non-class:     21.74 MB used.
      Class:      3.24 MB used.
       Both:     24.98 MB used.

Virtual space:
  Non-class space:       64.00 MB reserved,      22.00 MB ( 34%) committed,  1 nodes.
      Class space:        1.00 GB reserved,       3.44 MB ( <1%) committed,  1 nodes.
             Both:        1.06 GB reserved,      25.44 MB (  2%) committed. 

Chunk freelists:
   Non-Class:  9.73 MB
       Class:  12.60 MB
        Both:  22.34 MB

MaxMetaspaceSize: unlimited
CompressedClassSpaceSize: 1.00 GB
Initial GC threshold: 21.00 MB
Current GC threshold: 35.31 MB
CDS: on
 - commit_granule_bytes: 65536.
 - commit_granule_words: 8192.
 - virtual_space_node_default_size: 8388608.
 - enlarge_chunks_in_place: 1.
 - use_allocation_guard: 0.


Internal statistics:

num_allocs_failed_limit: 7.
num_arena_births: 498.
num_arena_deaths: 0.
num_vsnodes_births: 2.
num_vsnodes_deaths: 0.
num_space_committed: 407.
num_space_uncommitted: 0.
num_chunks_returned_to_freelist: 7.
num_chunks_taken_from_freelist: 1363.
num_chunk_merges: 7.
num_chunk_splits: 914.
num_chunks_enlarged: 633.
num_inconsistent_stats: 0.

CodeHeap 'non-profiled nmethods': size=120000Kb used=1305Kb max_used=1305Kb free=118695Kb
 bounds [0x0000019167e30000, 0x00000191680a0000, 0x000001916f360000]
CodeHeap 'profiled nmethods': size=120000Kb used=6520Kb max_used=6520Kb free=113479Kb
 bounds [0x0000019160360000, 0x00000191609c0000, 0x0000019167890000]
CodeHeap 'non-nmethods': size=5760Kb used=1475Kb max_used=1549Kb free=4284Kb
 bounds [0x0000019167890000, 0x0000019167b00000, 0x0000019167e30000]
 total_blobs=3832 nmethods=3279 adapters=457
 compilation: enabled
              stopped_count=0, restarted_count=0
 full_count=0

Compilation events (20 events):
Event: 6.289 Thread 0x00000191748c8210 3279       3       jdk.internal.loader.BuiltinClassLoader$1::hasMoreElements (5 bytes)
Event: 6.289 Thread 0x00000191748c8210 nmethod 3279 0x00000191609b9090 code [0x00000191609b9240, 0x00000191609b9378]
Event: 6.295 Thread 0x00000191748c8210 3280       3       java.util.concurrent.ConcurrentHashMap::<init> (9 bytes)
Event: 6.295 Thread 0x00000191748c8210 nmethod 3280 0x00000191609b9410 code [0x00000191609b95e0, 0x00000191609b9728]
Event: 6.300 Thread 0x00000191748c8210 3281       3       java.util.concurrent.ConcurrentHashMap::get (162 bytes)
Event: 6.301 Thread 0x00000191748c8210 nmethod 3281 0x00000191609b9810 code [0x00000191609b9a60, 0x00000191609ba4a0]
Event: 6.308 Thread 0x00000191748c8210 3283       3       jdk.internal.reflect.Reflection::filter (165 bytes)
Event: 6.309 Thread 0x00000191748c8210 nmethod 3283 0x00000191609ba790 code [0x00000191609baa20, 0x00000191609bb7a8]
Event: 6.309 Thread 0x00000191748c8210 3284       3       java.lang.invoke.MethodType::methodType (69 bytes)
Event: 6.309 Thread 0x00000191748c8210 nmethod 3284 0x00000191609bbb90 code [0x00000191609bbda0, 0x00000191609bc250]
Event: 6.309 Thread 0x00000191748c8210 3285       3       java.lang.invoke.InvokerBytecodeGenerator::lookupPregenerated (294 bytes)
Event: 6.310 Thread 0x00000191748c8210 nmethod 3285 0x00000191609bc410 code [0x00000191609bc780, 0x00000191609bdb90]
Event: 6.535 Thread 0x00000191748c46f0 nmethod 3157 0x0000019167f64090 code [0x0000019167f649e0, 0x0000019167f6df10]
Event: 6.536 Thread 0x00000191748c46f0 3214       4       java.net.URLStreamHandler::setURL (156 bytes)
Event: 6.555 Thread 0x00000191748c46f0 nmethod 3214 0x0000019167f73090 code [0x0000019167f732a0, 0x0000019167f74098]
Event: 6.555 Thread 0x00000191748c46f0 3215   !   4       java.net.URL::set (114 bytes)
Event: 6.562 Thread 0x00000191748c46f0 nmethod 3215 0x0000019167f74710 code [0x0000019167f748c0, 0x0000019167f752c8]
Event: 6.562 Thread 0x00000191748c46f0 3191       4       java.lang.Class::getPackageName (81 bytes)
Event: 6.577 Thread 0x00000191748c46f0 nmethod 3191 0x0000019167f75390 code [0x0000019167f75580, 0x0000019167f75f68]
Event: 6.578 Thread 0x00000191748c46f0 3174       4       java.lang.invoke.MethodType::makeImpl (109 bytes)

GC Heap History (6 events):
Event: 2.860 GC heap before
{Heap before GC invocations=0 (full 0):
 garbage-first heap   total reserved 2076672K, committed 131072K, used 24576K [0x0000000081400000, 0x0000000100000000)
  region size 1024K, 24 young (24576K), 0 survivors (0K)
 Metaspace       used 5377K, committed 5568K, reserved 1114112K
  class space    used 663K, committed 768K, reserved 1048576K
}
Event: 2.880 GC heap after
{Heap after GC invocations=1 (full 0):
 garbage-first heap   total reserved 2076672K, committed 131072K, used 7423K [0x0000000081400000, 0x0000000100000000)
  region size 1024K, 3 young (3072K), 3 survivors (3072K)
 Metaspace       used 5377K, committed 5568K, reserved 1114112K
  class space    used 663K, committed 768K, reserved 1048576K
}
Event: 4.790 GC heap before
{Heap before GC invocations=1 (full 0):
 garbage-first heap   total reserved 2076672K, committed 131072K, used 37119K [0x0000000081400000, 0x0000000100000000)
  region size 1024K, 32 young (32768K), 3 survivors (3072K)
 Metaspace       used 13173K, committed 13440K, reserved 1114112K
  class space    used 1714K, committed 1856K, reserved 1048576K
}
Event: 4.798 GC heap after
{Heap after GC invocations=2 (full 0):
 garbage-first heap   total reserved 2076672K, committed 131072K, used 9957K [0x0000000081400000, 0x0000000100000000)
  region size 1024K, 3 young (3072K), 3 survivors (3072K)
 Metaspace       used 13173K, committed 13440K, reserved 1114112K
  class space    used 1714K, committed 1856K, reserved 1048576K
}
Event: 5.793 GC heap before
{Heap before GC invocations=2 (full 0):
 garbage-first heap   total reserved 2076672K, committed 131072K, used 38629K [0x0000000081400000, 0x0000000100000000)
  region size 1024K, 33 young (33792K), 3 survivors (3072K)
 Metaspace       used 21253K, committed 21504K, reserved 1114112K
  class space    used 2708K, committed 2816K, reserved 1048576K
}
Event: 5.799 GC heap after
{Heap after GC invocations=3 (full 0):
 garbage-first heap   total reserved 2076672K, committed 131072K, used 12610K [0x0000000081400000, 0x0000000100000000)
  region size 1024K, 6 young (6144K), 6 survivors (6144K)
 Metaspace       used 21253K, committed 21504K, reserved 1114112K
  class space    used 2708K, committed 2816K, reserved 1048576K
}

Dll operation events (13 events):
Event: 0.020 Loaded shared library C:\Users\Usuario\.jdks\openjdk-22.0.1\bin\java.dll
Event: 0.067 Loaded shared library C:\Users\Usuario\.jdks\openjdk-22.0.1\bin\jsvml.dll
Event: 0.204 Loaded shared library C:\Users\Usuario\.jdks\openjdk-22.0.1\bin\zip.dll
Event: 0.209 Loaded shared library C:\Users\Usuario\.jdks\openjdk-22.0.1\bin\instrument.dll
Event: 0.215 Loaded shared library C:\Users\Usuario\.jdks\openjdk-22.0.1\bin\net.dll
Event: 0.217 Loaded shared library C:\Users\Usuario\.jdks\openjdk-22.0.1\bin\nio.dll
Event: 0.224 Loaded shared library C:\Users\Usuario\.jdks\openjdk-22.0.1\bin\zip.dll
Event: 0.246 Loaded shared library C:\Program Files\JetBrains\IntelliJ IDEA 2024.1\bin\breakgen64.dll
Event: 0.258 Loaded shared library C:\Users\Usuario\.jdks\openjdk-22.0.1\bin\extnet.dll
Event: 1.912 Loaded shared library C:\Users\Usuario\.jdks\openjdk-22.0.1\bin\jimage.dll
Event: 5.226 Loaded shared library C:\Users\Usuario\.jdks\openjdk-22.0.1\bin\le.dll
Event: 5.935 Loaded shared library C:\Users\Usuario\.jdks\openjdk-22.0.1\bin\sunmscapi.dll
Event: 6.298 Loaded shared library C:\Users\Usuario\.jdks\openjdk-22.0.1\bin\verify.dll

Deoptimization events (20 events):
Event: 6.266 Thread 0x0000019155e9ad20 Uncommon trap: trap_request=0xffffff45 fr.pc=0x0000019167f52034 relative=0x00000000000005f4
Event: 6.266 Thread 0x0000019155e9ad20 Uncommon trap: reason=unstable_if action=reinterpret pc=0x0000019167f52034 method=org.springframework.util.ConcurrentReferenceHashMap$Segment.findInChain(Lorg/springframework/util/ConcurrentReferenceHashMap$Reference;Ljava/lang/Object;I)Lorg/springframewo
Event: 6.266 Thread 0x0000019155e9ad20 DEOPT PACKING pc=0x0000019167f52034 sp=0x00000089d62fbca0
Event: 6.266 Thread 0x0000019155e9ad20 DEOPT UNPACKING pc=0x00000191678e46a2 sp=0x00000089d62fbac8 mode 2
Event: 6.273 Thread 0x0000019155e9ad20 Uncommon trap: trap_request=0xffffff45 fr.pc=0x0000019167f54ab8 relative=0x0000000000000578
Event: 6.273 Thread 0x0000019155e9ad20 Uncommon trap: reason=unstable_if action=reinterpret pc=0x0000019167f54ab8 method=org.springframework.util.ConcurrentReferenceHashMap$Segment.findInChain(Lorg/springframework/util/ConcurrentReferenceHashMap$Reference;Ljava/lang/Object;I)Lorg/springframewo
Event: 6.273 Thread 0x0000019155e9ad20 DEOPT PACKING pc=0x0000019167f54ab8 sp=0x00000089d62fbc50
Event: 6.273 Thread 0x0000019155e9ad20 DEOPT UNPACKING pc=0x00000191678e46a2 sp=0x00000089d62fbaf0 mode 2
Event: 6.273 Thread 0x0000019155e9ad20 Uncommon trap: trap_request=0xffffff45 fr.pc=0x0000019167f466a0 relative=0x0000000000000260
Event: 6.273 Thread 0x0000019155e9ad20 Uncommon trap: reason=unstable_if action=reinterpret pc=0x0000019167f466a0 method=org.springframework.util.ConcurrentReferenceHashMap$Segment.findInChain(Lorg/springframework/util/ConcurrentReferenceHashMap$Reference;Ljava/lang/Object;I)Lorg/springframewo
Event: 6.273 Thread 0x0000019155e9ad20 DEOPT PACKING pc=0x0000019167f466a0 sp=0x00000089d62fbb30
Event: 6.273 Thread 0x0000019155e9ad20 DEOPT UNPACKING pc=0x00000191678e46a2 sp=0x00000089d62fbad8 mode 2
Event: 6.300 Thread 0x0000019155e9ad20 Uncommon trap: trap_request=0xffffff45 fr.pc=0x0000019167e88bb8 relative=0x0000000000000278
Event: 6.300 Thread 0x0000019155e9ad20 Uncommon trap: reason=unstable_if action=reinterpret pc=0x0000019167e88bb8 method=java.util.concurrent.ConcurrentHashMap.get(Ljava/lang/Object;)Ljava/lang/Object; @ 76 c2
Event: 6.300 Thread 0x0000019155e9ad20 DEOPT PACKING pc=0x0000019167e88bb8 sp=0x00000089d62f7d10
Event: 6.300 Thread 0x0000019155e9ad20 DEOPT UNPACKING pc=0x00000191678e46a2 sp=0x00000089d62f7c88 mode 2
Event: 6.301 Thread 0x0000019155e9ad20 Uncommon trap: trap_request=0xffffff45 fr.pc=0x0000019167eef138 relative=0x0000000000006e78
Event: 6.301 Thread 0x0000019155e9ad20 Uncommon trap: reason=unstable_if action=reinterpret pc=0x0000019167eef138 method=java.lang.invoke.MethodType.methodType(Ljava/lang/Class;[Ljava/lang/Class;Z)Ljava/lang/invoke/MethodType; @ 53 c2
Event: 6.301 Thread 0x0000019155e9ad20 DEOPT PACKING pc=0x0000019167eef138 sp=0x00000089d62f7d00
Event: 6.301 Thread 0x0000019155e9ad20 DEOPT UNPACKING pc=0x00000191678e46a2 sp=0x00000089d62f7d20 mode 2

Classes loaded (20 events):
Event: 6.317 Loading class java/lang/Process done
Event: 6.317 Loading class java/lang/ProcessImpl done
Event: 6.326 Loading class java/lang/ProcessImpl$2
Event: 6.326 Loading class java/lang/ProcessImpl$2 done
Event: 6.326 Loading class java/lang/Process$PipeInputStream
Event: 6.327 Loading class java/lang/Process$PipeInputStream done
Event: 6.327 Loading class jdk/internal/event/ProcessStartEvent
Event: 6.328 Loading class jdk/internal/event/ProcessStartEvent done
Event: 6.328 Loading class jdk/internal/logger/LazyLoggers
Event: 6.328 Loading class jdk/internal/logger/LazyLoggers done
Event: 6.328 Loading class jdk/internal/logger/LazyLoggers$1
Event: 6.328 Loading class jdk/internal/logger/LazyLoggers$1 done
Event: 6.328 Loading class jdk/internal/logger/LazyLoggers$LazyLoggerFactories
Event: 6.328 Loading class jdk/internal/logger/LazyLoggers$LazyLoggerFactories done
Event: 6.329 Loading class jdk/internal/logger/LoggerFinderLoader
Event: 6.329 Loading class jdk/internal/logger/LoggerFinderLoader done
Event: 6.331 Loading class jdk/internal/logger/LoggerFinderLoader$TemporaryLoggerFinder
Event: 6.331 Loading class jdk/internal/logger/LoggerFinderLoader$TemporaryLoggerFinder done
Event: 6.332 Loading class sun/util/logging/internal/LoggingProviderImpl$JULWrapper
Event: 6.332 Loading class sun/util/logging/internal/LoggingProviderImpl$JULWrapper done

Classes unloaded (0 events):
No events

Classes redefined (0 events):
No events

Internal exceptions (20 events):
Event: 5.830 Thread 0x000001914523ba20 Exception <a 'java/lang/NoSuchMethodError'{0x0000000083755668}: 'java.lang.Object java.lang.invoke.DirectMethodHandle$Holder.invokeVirtual(java.lang.Object, java.lang.Object, java.lang.Object, java.lang.Object)'> (0x0000000083755668) 
thrown [s\open\src\hotspot\share\interpreter\linkResolver.cpp, line 774]
Event: 6.199 Thread 0x0000019155e9ad20 Exception <a 'java/lang/NoSuchMethodError'{0x0000000082686e90}: 'java.lang.Object java.lang.invoke.DirectMethodHandle$Holder.invokeStaticInit(java.lang.Object, java.lang.Object, java.lang.Object, java.lang.Object, java.lang.Object, java.lang.Object, java.lang.Object)'> (0x0000000082686e90) 
thrown [s\open\src\hotspot\share\interpreter\linkResolver.cpp, line 774]
Event: 6.202 Thread 0x0000019155e9ad20 Exception <a 'java/lang/NoSuchMethodError'{0x000000008269f560}: 'void java.lang.invoke.DelegatingMethodHandle$Holder.delegate(java.lang.Object, java.lang.Object, int, java.lang.Object)'> (0x000000008269f560) 
thrown [s\open\src\hotspot\share\interpreter\linkResolver.cpp, line 774]
Event: 6.205 Thread 0x0000019155e9ad20 Exception <a 'java/lang/NoSuchMethodError'{0x00000000826d02b0}: 'java.lang.Object java.lang.invoke.Invokers$Holder.invoker(java.lang.Object, java.lang.Object, java.lang.Object, java.lang.Object, java.lang.Object, java.lang.Object, java.lang.Object, java.lang.Object, java.lang.Object, java.lang.Object, java.lang.Object, java.lang.Object, java.lang.Object, java.lang.Object)'> (0x00000000826d02b0) 
thrown [s\open\src\hotspot\share\interpreter\linkResolver.cpp, line 774]
Event: 6.206 Thread 0x0000019155e9ad20 Exception <a 'java/lang/NoSuchMethodError'{0x00000000826dad20}: 'java.lang.Object java.lang.invoke.DelegatingMethodHandle$Holder.delegate(java.lang.Object, java.lang.Object, java.lang.Object, java.lang.Object, java.lang.Object, java.lang.Object, java.lang.Object, java.lang.Object, java.lang.Object, java.lang.Object, java.lang.Object, java.lang.Object, java.lang.Object, java.lang.Object)'> (0x00000000826dad20) 
thrown [s\open\src\hotspot\share\interpreter\linkResolver.cpp, line 774]
Event: 6.207 Thread 0x0000019155e9ad20 Exception <a 'java/lang/NoSuchMethodError'{0x00000000826ed468}: 'int java.lang.invoke.DirectMethodHandle$Holder.invokeStaticInit(java.lang.Object, int, int)'> (0x00000000826ed468) 
thrown [s\open\src\hotspot\share\interpreter\linkResolver.cpp, line 774]
Event: 6.208 Thread 0x0000019155e9ad20 Exception <a 'java/lang/NoSuchMethodError'{0x00000000826f4e78}: 'int java.lang.invoke.DirectMethodHandle$Holder.invokeStaticInit(java.lang.Object, long, long)'> (0x00000000826f4e78) 
thrown [s\open\src\hotspot\share\interpreter\linkResolver.cpp, line 774]
Event: 6.208 Thread 0x0000019155e9ad20 Exception <a 'java/lang/NoSuchMethodError'{0x00000000826fbdb0}: 'int java.lang.invoke.DirectMethodHandle$Holder.invokeStaticInit(java.lang.Object, float, float)'> (0x00000000826fbdb0) 
thrown [s\open\src\hotspot\share\interpreter\linkResolver.cpp, line 774]
Event: 6.209 Thread 0x0000019155e9ad20 Exception <a 'java/lang/NoSuchMethodError'{0x0000000082502f40}: 'int java.lang.invoke.DirectMethodHandle$Holder.invokeStaticInit(java.lang.Object, double, double)'> (0x0000000082502f40) 
thrown [s\open\src\hotspot\share\interpreter\linkResolver.cpp, line 774]
Event: 6.209 Thread 0x0000019155e9ad20 Exception <a 'java/lang/NoSuchMethodError'{0x00000000825078c8}: 'int java.lang.invoke.DirectMethodHandle$Holder.invokeStatic(java.lang.Object, long)'> (0x00000000825078c8) 
thrown [s\open\src\hotspot\share\interpreter\linkResolver.cpp, line 774]
Event: 6.212 Thread 0x0000019155e9ad20 Exception <a 'java/lang/NoSuchMethodError'{0x000000008252a1b0}: 'int java.lang.invoke.DirectMethodHandle$Holder.invokeSpecial(java.lang.Object, java.lang.Object, int)'> (0x000000008252a1b0) 
thrown [s\open\src\hotspot\share\interpreter\linkResolver.cpp, line 774]
Event: 6.213 Thread 0x0000019155e9ad20 Exception <a 'java/lang/NoSuchMethodError'{0x0000000082531f30}: 'int java.lang.invoke.Invokers$Holder.linkToTargetMethod(java.lang.Object, java.lang.Object)'> (0x0000000082531f30) 
thrown [s\open\src\hotspot\share\interpreter\linkResolver.cpp, line 774]
Event: 6.229 Thread 0x0000019155e9ad20 Exception <a 'java/lang/NoSuchMethodError'{0x00000000825dc660}: 'java.lang.Object java.lang.invoke.Invokers$Holder.invoke_MT(java.lang.Object, java.lang.Object, java.lang.Object, java.lang.Object, java.lang.Object, java.lang.Object, java.lang.Object, java.lang.Object, java.lang.Object, java.lang.Object)'> (0x00000000825dc660) 
thrown [s\open\src\hotspot\share\interpreter\linkResolver.cpp, line 774]
Event: 6.234 Thread 0x0000019155e9ad20 Exception <a 'java/lang/NoSuchMethodError'{0x0000000082417438}: 'java.lang.Object java.lang.invoke.DirectMethodHandle$Holder.invokeSpecial(java.lang.Object, java.lang.Object, int, java.lang.Object, java.lang.Object)'> (0x0000000082417438) 
thrown [s\open\src\hotspot\share\interpreter\linkResolver.cpp, line 774]
Event: 6.234 Thread 0x0000019155e9ad20 Exception <a 'java/lang/NoSuchMethodError'{0x000000008241b3c8}: 'java.lang.Object java.lang.invoke.DelegatingMethodHandle$Holder.delegate(java.lang.Object, int, java.lang.Object, java.lang.Object)'> (0x000000008241b3c8) 
thrown [s\open\src\hotspot\share\interpreter\linkResolver.cpp, line 774]
Event: 6.235 Thread 0x0000019155e9ad20 Exception <a 'java/lang/NoSuchMethodError'{0x000000008242b050}: 'int java.lang.invoke.Invokers$Holder.linkToTargetMethod(java.lang.Object, java.lang.Object, java.lang.Object)'> (0x000000008242b050) 
thrown [s\open\src\hotspot\share\interpreter\linkResolver.cpp, line 774]
Event: 6.256 Thread 0x0000019155e9ad20 Exception <a 'java/lang/NoSuchMethodError'{0x00000000824ccf50}: 'void java.lang.invoke.Invokers$Holder.invokeExact_MT(java.lang.Object, java.lang.Object, java.lang.Object)'> (0x00000000824ccf50) 
thrown [s\open\src\hotspot\share\interpreter\linkResolver.cpp, line 774]
Event: 6.300 Thread 0x0000019155e9ad20 Exception <a 'java/lang/NoSuchMethodError'{0x00000000822a85a8}: method resolution failed> (0x00000000822a85a8) 
thrown [s\open\src\hotspot\share\prims\methodHandles.cpp, line 1146]
Event: 6.308 Thread 0x0000019155e9ad20 Exception <a 'java/lang/NoSuchMethodError'{0x00000000822ec3e8}: 'long java.lang.invoke.DelegatingMethodHandle$Holder.reinvoke_L(java.lang.Object, java.lang.Object)'> (0x00000000822ec3e8) 
thrown [s\open\src\hotspot\share\interpreter\linkResolver.cpp, line 774]
Event: 6.326 Thread 0x0000019155e9ad20 Exception <a 'java/lang/NoSuchMethodError'{0x0000000082115820}: 'void java.lang.invoke.DirectMethodHandle$Holder.invokeStatic(java.lang.Object, long)'> (0x0000000082115820) 
thrown [s\open\src\hotspot\share\interpreter\linkResolver.cpp, line 774]

ZGC Phase Switch (0 events):
No events

VM Operations (20 events):
Event: 5.799 Executing VM operation: CollectForMetadataAllocation (Metadata GC Threshold)
Event: 5.799 Executing VM operation: CollectForMetadataAllocation (Metadata GC Threshold) done
Event: 5.799 Executing VM operation: CollectForMetadataAllocation (Metadata GC Threshold)
Event: 5.799 Executing VM operation: CollectForMetadataAllocation (Metadata GC Threshold) done
Event: 5.806 Executing VM operation: G1PauseRemark
Event: 5.809 Executing VM operation: G1PauseRemark done
Event: 5.810 Executing VM operation: G1PauseCleanup
Event: 5.812 Executing VM operation: G1PauseCleanup done
Event: 5.876 Executing VM operation: HandshakeAllThreads (Deoptimize)
Event: 5.876 Executing VM operation: HandshakeAllThreads (Deoptimize) done
Event: 5.915 Executing VM operation: HandshakeAllThreads (Deoptimize)
Event: 5.915 Executing VM operation: HandshakeAllThreads (Deoptimize) done
Event: 6.098 Executing VM operation: ICBufferFull
Event: 6.098 Executing VM operation: ICBufferFull done
Event: 6.157 Executing VM operation: HandshakeAllThreads (Deoptimize)
Event: 6.157 Executing VM operation: HandshakeAllThreads (Deoptimize) done
Event: 6.157 Executing VM operation: HandshakeAllThreads (Deoptimize)
Event: 6.157 Executing VM operation: HandshakeAllThreads (Deoptimize) done
Event: 6.219 Executing VM operation: HandshakeAllThreads (Deoptimize)
Event: 6.219 Executing VM operation: HandshakeAllThreads (Deoptimize) done

Events (16 events):
Event: 0.044 Thread 0x0000019155e9ad20 Thread added: 0x0000019155e9ad20
Event: 0.065 Thread 0x0000019174880690 Thread added: 0x0000019174880690
Event: 0.065 Thread 0x0000019174883100 Thread added: 0x0000019174883100
Event: 0.065 Thread 0x000001917488d970 Thread added: 0x000001917488d970
Event: 0.065 Thread 0x000001917488e3d0 Thread added: 0x000001917488e3d0
Event: 0.065 Thread 0x0000019174893050 Thread added: 0x0000019174893050
Event: 0.065 Thread 0x00000191748b5070 Thread added: 0x00000191748b5070
Event: 0.065 Thread 0x00000191748c46f0 Thread added: 0x00000191748c46f0
Event: 0.066 Thread 0x00000191748c8210 Thread added: 0x00000191748c8210
Event: 0.173 Thread 0x000001914523a670 Thread added: 0x000001914523a670
Event: 0.246 Thread 0x000001914523b390 Thread added: 0x000001914523b390
Event: 0.247 Thread 0x0000019145239fe0 Thread added: 0x0000019145239fe0
Event: 4.917 Thread 0x000001914523ba20 Thread added: 0x000001914523ba20
Event: 5.783 Thread 0x000001914523ad00 Thread added: 0x000001914523ad00
Event: 5.803 Thread 0x000001914523ad00 Thread exited: 0x000001914523ad00
Event: 5.948 Thread 0x000001914523ba20 Thread exited: 0x000001914523ba20


Dynamic libraries:
0x00007ff75f510000 - 0x00007ff75f51e000 	C:\Users\Usuario\.jdks\openjdk-22.0.1\bin\java.exe
0x00007ff9f5fe0000 - 0x00007ff9f61e9000 	C:\WINDOWS\SYSTEM32\ntdll.dll
0x00007ff9f4b40000 - 0x00007ff9f4bfd000 	C:\WINDOWS\System32\KERNEL32.DLL
0x00007ff9f3aa0000 - 0x00007ff9f3e24000 	C:\WINDOWS\System32\KERNELBASE.dll
0x00007ff9f3470000 - 0x00007ff9f3581000 	C:\WINDOWS\System32\ucrtbase.dll
0x00007ff9ee0b0000 - 0x00007ff9ee0c7000 	C:\Users\Usuario\.jdks\openjdk-22.0.1\bin\jli.dll
0x00007ff9eeb50000 - 0x00007ff9eeb6b000 	C:\Users\Usuario\.jdks\openjdk-22.0.1\bin\VCRUNTIME140.dll
0x00007ff9f4780000 - 0x00007ff9f492d000 	C:\WINDOWS\System32\USER32.dll
0x00007ff9f3a70000 - 0x00007ff9f3a96000 	C:\WINDOWS\System32\win32u.dll
0x00007ff9f4460000 - 0x00007ff9f448a000 	C:\WINDOWS\System32\GDI32.dll
0x00007ff9f38b0000 - 0x00007ff9f39ce000 	C:\WINDOWS\System32\gdi32full.dll
0x00007ff9f39d0000 - 0x00007ff9f3a6d000 	C:\WINDOWS\System32\msvcp_win.dll
0x00007ff9ccaa0000 - 0x00007ff9ccd45000 	C:\WINDOWS\WinSxS\amd64_microsoft.windows.common-controls_6595b64144ccf1df_6.0.22000.120_none_9d947278b86cc467\COMCTL32.dll
0x00007ff9f4930000 - 0x00007ff9f49d3000 	C:\WINDOWS\System32\msvcrt.dll
0x00007ff9f4a90000 - 0x00007ff9f4ac1000 	C:\WINDOWS\System32\IMM32.DLL
0x00007ff9eeb90000 - 0x00007ff9eeb9c000 	C:\Users\Usuario\.jdks\openjdk-22.0.1\bin\vcruntime140_1.dll
0x00007ff9da390000 - 0x00007ff9da41e000 	C:\Users\Usuario\.jdks\openjdk-22.0.1\bin\msvcp140.dll
0x00007ff984170000 - 0x00007ff984eb7000 	C:\Users\Usuario\.jdks\openjdk-22.0.1\bin\server\jvm.dll
0x00007ff9f5d50000 - 0x00007ff9f5dfe000 	C:\WINDOWS\System32\ADVAPI32.dll
0x00007ff9f4570000 - 0x00007ff9f460e000 	C:\WINDOWS\System32\sechost.dll
0x00007ff9f5660000 - 0x00007ff9f5781000 	C:\WINDOWS\System32\RPCRT4.dll
0x00007ff9f4c00000 - 0x00007ff9f4c6f000 	C:\WINDOWS\System32\WS2_32.dll
0x00007ff9f1dd0000 - 0x00007ff9f1e1d000 	C:\WINDOWS\SYSTEM32\POWRPROF.dll
0x00007ff9ee3b0000 - 0x00007ff9ee3e3000 	C:\WINDOWS\SYSTEM32\WINMM.dll
0x00007ff9ec260000 - 0x00007ff9ec26a000 	C:\WINDOWS\SYSTEM32\VERSION.dll
0x00007ff9f1f00000 - 0x00007ff9f1f13000 	C:\WINDOWS\SYSTEM32\UMPDC.dll
0x00007ff9f25d0000 - 0x00007ff9f25e8000 	C:\WINDOWS\SYSTEM32\kernel.appcore.dll
0x00007ff9ee990000 - 0x00007ff9ee99a000 	C:\Users\Usuario\.jdks\openjdk-22.0.1\bin\jimage.dll
0x00007ff9f0f20000 - 0x00007ff9f1141000 	C:\WINDOWS\SYSTEM32\DBGHELP.DLL
0x00007ff9ec540000 - 0x00007ff9ec571000 	C:\WINDOWS\SYSTEM32\dbgcore.DLL
0x00007ff9f3590000 - 0x00007ff9f360f000 	C:\WINDOWS\System32\bcryptPrimitives.dll
0x00007ff9eea70000 - 0x00007ff9eea7f000 	C:\Users\Usuario\.jdks\openjdk-22.0.1\bin\instrument.dll
0x00007ff9ec1e0000 - 0x00007ff9ec1fe000 	C:\Users\Usuario\.jdks\openjdk-22.0.1\bin\java.dll
0x00007ff9f4e30000 - 0x00007ff9f55f5000 	C:\WINDOWS\System32\SHELL32.dll
0x00007ff9f5e00000 - 0x00007ff9f5f9a000 	C:\WINDOWS\System32\ole32.dll
0x00007ff9f58e0000 - 0x00007ff9f5c56000 	C:\WINDOWS\System32\combase.dll
0x00007ff9f1550000 - 0x00007ff9f1db2000 	C:\WINDOWS\SYSTEM32\windows.storage.dll
0x00007ff9f13e0000 - 0x00007ff9f1547000 	C:\WINDOWS\SYSTEM32\wintypes.dll
0x00007ff9f5c60000 - 0x00007ff9f5d4a000 	C:\WINDOWS\System32\SHCORE.dll
0x00007ff9f4610000 - 0x00007ff9f466d000 	C:\WINDOWS\System32\shlwapi.dll
0x00007ff9f33a0000 - 0x00007ff9f33c5000 	C:\WINDOWS\SYSTEM32\profapi.dll
0x00007ff9bc7e0000 - 0x00007ff9bc8b7000 	C:\Users\Usuario\.jdks\openjdk-22.0.1\bin\jsvml.dll
0x00007ff9e8010000 - 0x00007ff9e8027000 	C:\Users\Usuario\.jdks\openjdk-22.0.1\bin\zip.dll
0x00007ff9ee970000 - 0x00007ff9ee980000 	C:\Users\Usuario\.jdks\openjdk-22.0.1\bin\net.dll
0x00007ff9f2a80000 - 0x00007ff9f2ae7000 	C:\WINDOWS\system32\mswsock.dll
0x00007ff9ec170000 - 0x00007ff9ec186000 	C:\Users\Usuario\.jdks\openjdk-22.0.1\bin\nio.dll
0x00007ff9ee9e0000 - 0x00007ff9ee9fa000 	C:\Program Files\JetBrains\IntelliJ IDEA 2024.1\bin\breakgen64.dll
0x00007ff9ecf80000 - 0x00007ff9ecf89000 	C:\Users\Usuario\.jdks\openjdk-22.0.1\bin\extnet.dll
0x00007ff9ee9a0000 - 0x00007ff9ee9ab000 	C:\Users\Usuario\.jdks\openjdk-22.0.1\bin\le.dll
0x00007ff9e72a0000 - 0x00007ff9e72ae000 	C:\Users\Usuario\.jdks\openjdk-22.0.1\bin\sunmscapi.dll
0x00007ff9f3680000 - 0x00007ff9f37e2000 	C:\WINDOWS\System32\CRYPT32.dll
0x00007ff9f2e10000 - 0x00007ff9f2e38000 	C:\WINDOWS\SYSTEM32\ncrypt.dll
0x00007ff9f2dd0000 - 0x00007ff9f2e07000 	C:\WINDOWS\SYSTEM32\NTASN1.dll
0x00007ff9ee0a0000 - 0x00007ff9ee0b0000 	C:\Users\Usuario\.jdks\openjdk-22.0.1\bin\verify.dll

dbghelp: loaded successfully - version: 4.0.5 - missing functions: none
symbol engine: initialized successfully - sym options: 0x614 - pdb path: .;C:\Users\Usuario\.jdks\openjdk-22.0.1\bin;C:\WINDOWS\SYSTEM32;C:\WINDOWS\WinSxS\amd64_microsoft.windows.common-controls_6595b64144ccf1df_6.0.22000.120_none_9d947278b86cc467;C:\Users\Usuario\.jdks\openjdk-22.0.1\bin\server;C:\Program Files\JetBrains\IntelliJ IDEA 2024.1\bin

VM Arguments:
jvm_args: -ea -Didea.test.cyclic.buffer.size=1048576 -javaagent:C:\Program Files\JetBrains\IntelliJ IDEA 2024.1\lib\idea_rt.jar=65015:C:\Program Files\JetBrains\IntelliJ IDEA 2024.1\bin -Dfile.encoding=UTF-8 -Dsun.stdout.encoding=UTF-8 -Dsun.stderr.encoding=UTF-8 
java_command: com.intellij.rt.junit.JUnitStarter -ideVersion5 -junit5 com.example.prueba_alten.superhero.adapter.in.controller.SuperHeroControllerTest,testUpdateSuperHero
java_class_path (initial): C:\Users\Usuario\.m2\repository\org\junit\platform\junit-platform-launcher\1.10.2\junit-platform-launcher-1.10.2.jar;C:\Program Files\JetBrains\IntelliJ IDEA 2024.1\lib\idea_rt.jar;C:\Program Files\JetBrains\IntelliJ IDEA 2024.1\plugins\junit\lib\junit5-rt.jar;C:\Program Files\JetBrains\IntelliJ IDEA 2024.1\plugins\junit\lib\junit-rt.jar;C:\Users\Usuario\Documents\Prueba_ALTEN\target\test-classes;C:\Users\Usuario\Documents\Prueba_ALTEN\target\classes;C:\Users\Usuario\.m2\repository\org\springframework\boot\spring-boot-starter\3.2.5\spring-boot-starter-3.2.5.jar;C:\Users\Usuario\.m2\repository\org\springframework\boot\spring-boot\3.2.5\spring-boot-3.2.5.jar;C:\Users\Usuario\.m2\repository\org\springframework\spring-context\6.1.6\spring-context-6.1.6.jar;C:\Users\Usuario\.m2\repository\org\springframework\boot\spring-boot-autoconfigure\3.2.5\spring-boot-autoconfigure-3.2.5.jar;C:\Users\Usuario\.m2\repository\org\springframework\boot\spring-boot-starter-logging\3.2.5\spring-boot-starter-logging-3.2.5.jar;C:\Users\Usuario\.m2\repository\ch\qos\logback\logback-classic\1.4.14\logback-classic-1.4.14.jar;C:\Users\Usuario\.m2\repository\ch\qos\logback\logback-core\1.4.14\logback-core-1.4.14.jar;C:\Users\Usuario\.m2\repository\org\apache\logging\log4j\log4j-to-slf4j\2.21.1\log4j-to-slf4j-2.21.1.jar;C:\Users\Usuario\.m2\repository\org\apache\logging\log4j\log4j-api\2.21.1\log4j-api-2.21.1.jar;C:\Users\Usuario\.m2\repository\org\slf4j\jul-to-slf4j\2.0.13\jul-to-slf4j-2.0.13.jar;C:\Users\Usuario\.m2\repository\jakarta\annotation\jakarta.annotation-api\2.1.1\jakarta.annotation-api-2.1.1.jar;C:\Users\Usuario\.m2\repository\org\springframework\spring-core\6.1.6\spring-core-6.1.6.jar;C:\Users\Usuario\.m2\repository\org\springframework\spring-jcl\6.1.6\spring-jcl-6.1.6.jar;C:\Users\Usuario\.m2\repository\org\yaml\snakeyaml\2.2\snakeyaml-2.2.jar;C:\Users\Usuario\.m2\repository\org\springframework\boot\spring-boot-starter-web\3.2.5\spring-boot-starter-web-3.2.5.jar;C:\Users\Usuario\.m2\repository\org\springframework\boot\spring-boot-starter-json\3.2.5\spring-boot-starter-json-3.2.5.jar;C:\Users\Usuario\.m2\repository\com\fasterxml\jackson\core\jackson-databind\2.15.4\jackson-databind-2.15.4.jar;C:\Users\Usuario\.m2\repository\com\fasterxml\jackson\core\jackson-annotations\2.15.4\jackson-annotations-2.15.4.jar;C:\Users\Usuario\.m2\repository\com\fasterxml\jackson\core\jackson-core\2.15.4\jackson-core-2.15.4.jar;C:\Users\Usuario\.m2\repository\com\fasterxml\jackson\datatype\jackson-datatype-jdk8\2.15.4\jackson-datatype-jdk8-2.15.4.jar;C:\Users\Usuario\.m2\repository\com\fasterxml\jackson\datatype\jackson-datatype-jsr310\2.15.4\jackson-datatype-jsr310-2.15.4.jar;C:\Users\Usuario\.m2\repository\com\fasterxml\jackson\module\jackson-module-parameter-names\2.15.4\jackson-module-parameter-names-2.15.4.jar;C:\Users\Usuario\.m2\repository\org\springframework\boot\spring-boot-starter-tomcat\3.2.5\spring-boot-starter-tomcat-3.2.5.jar;C:\Users\Usuario\.m2\repository\org\apache\tomcat\embed\tomcat-embed-core\10.1.20\tomcat-embed-core-10.1.20.jar;C:\Users\Usuario\.m2\repository\org\apache\tomcat\embed\tomcat-embed-el\10.1.20\tomcat-embed-el-10.1.20.jar;C:\Users\Usuario\.m2\repository\org\apache\tomcat\embed\tomcat-embed-websocket\10.1.20\tomcat-embed-websocket-10.1.20.jar;C:\Users\Usuario\.m2\repository\org\springframework\spring-web\6.1.6\spring-web-6.1.6.jar;C:\Users\Usuario\.m2\repository\org\springframework\spring-beans\6.1.6\spring-beans-6.1.6.jar;C:\Users\Usuario\.m2\repository\io\micrometer\micrometer-observation\1.12.5\micrometer-observation-1.12.5.jar;C:\Users\Usuario\.m2\repository\io\micrometer\micrometer-commons\1.12.5\micrometer-commons-1.12.5.jar;C:\Users\Usuario\.m2\repository\org\springframework\spring-webmvc\6.1.6\spring-webmvc-6.1.6.jar;C:\Users\Usuario\.m2\repository\org\springframework\spring-aop\6.1.6\spring-aop-6.1.6.jar;C:\Users\Usuario\.m2\repository\org\springframework\spring-expression\6.1.6\spring-expression-6.1.6.jar;C:\Users\Usuario\.m2\repository\org\springframework\boot\spring-boot-starter-data-jpa\3.2.5\spring-boot-starter-data-jpa-3.2.5.jar;C:\Users\Usuario\.m2\repository\org\springframework\boot\spring-boot-starter-aop\3.2.5\spring-boot-starter-aop-3.2.5.jar;C:\Users\Usuario\.m2\repository\org\aspectj\aspectjweaver\1.9.22\aspectjweaver-1.9.22.jar;C:\Users\Usuario\.m2\repository\org\springframework\boot\spring-boot-starter-jdbc\3.2.5\spring-boot-starter-jdbc-3.2.5.jar;C:\Users\Usuario\.m2\repository\com\zaxxer\HikariCP\5.0.1\HikariCP-5.0.1.jar;C:\Users\Usuario\.m2\repository\org\springframework\spring-jdbc\6.1.6\spring-jdbc-6.1.6.jar;C:\Users\Usuario\.m2\repository\org\hibernate\orm\hibernate-core\6.4.4.Final\hibernate-core-6.4.4.Final.jar;C:\Users\Usuario\.m2\repository\jakarta\persistence\jakarta.persistence-api\3.1.0\jakarta.persistence-api-3.1.0.jar;C:\Users\Usuario\.m2\repository\jakarta\transaction\jakarta.transaction-api\2.0.1\jakarta.transaction-api-2.0.1.jar;C:\Users\Usuario\.m2\repository\org\jboss\logging\jboss-logging\3.5.3.Final\jboss-logging-3.5.3.Final.jar;C:\Users\Usuario\.m2\repository\org\hibernate\common\hibernate-commons-annotations\6.0.6.Final\hibernate-commons-annotations-6.0.6.Final.jar;C:\Users\Usuario\.m2\repository\io\smallrye\jandex\3.1.2\jandex-3.1.2.jar;C:\Users\Usuario\.m2\repository\com\fasterxml\classmate\1.6.0\classmate-1.6.0.jar;C:\Users\Usuario\.m2\repository\net\bytebuddy\byte-buddy\1.14.13\byte-buddy-1.14.13.jar;C:\Users\Usuario\.m2\repository\org\glassfish\jaxb\jaxb-runtime\4.0.5\jaxb-runtime-4.0.5.jar;C:\Users\Usuario\.m2\repository\org\glassfish\jaxb\jaxb-core\4.0.5\jaxb-core-4.0.5.jar;C:\Users\Usuario\.m2\repository\org\eclipse\angus\angus-activation\2.0.2\angus-activation-2.0.2.jar;C:\Users\Usuario\.m2\repository\org\glassfish\jaxb\txw2\4.0.5\txw2-4.0.5.jar;C:\Users\Usuario\.m2\repository\com\sun\istack\istack-commons-runtime\4.1.2\istack-commons-runtime-4.1.2.jar;C:\Users\Usuario\.m2\repository\jakarta\inject\jakarta.inject-api\2.0.1\jakarta.inject-api-2.0.1.jar;C:\Users\Usuario\.m2\repository\org\antlr\antlr4-runtime\4.13.0\antlr4-runtime-4.13.0.jar;C:\Users\Usuario\.m2\repository\org\springframework\data\spring-data-jpa\3.2.5\spring-data-jpa-3.2.5.jar;C:\Users\Usuario\.m2\repository\org\springframework\data\spring-data-commons\3.2.5\spring-data-commons-3.2.5.jar;C:\Users\Usuario\.m2\repository\org\springframework\spring-orm\6.1.6\spring-orm-6.1.6.jar;C:\Users\Usuario\.m2\repository\org\springframework\spring-tx\6.1.6\spring-tx-6.1.6.jar;C:\Users\Usuario\.m2\repository\org\slf4j\slf4j-api\2.0.13\slf4j-api-2.0.13.jar;C:\Users\Usuario\.m2\repository\org\springframework\spring-aspects\6.1.6\spring-aspects-6.1.6.jar;C:\Users\Usuario\.m2\repository\com\h2database\h2\2.2.224\h2-2.2.224.jar;C:\Users\Usuario\.m2\repository\org\springframework\boot\spring-boot-starter-test\3.2.5\spring-boot-starter-test-3.2.5.jar;C:\Users\Usuario\.m2\repository\org\springframework\boot\spring-boot-test\3.2.5\spring-boot-test-3.2.5.jar;C:\Users\Usuario\.m2\repository\org\springframework\boot\spring-boot-test-autoconfigure\3.2.5\spring-boot-test-autoconfigure-3.2.5.jar;C:\Users\Usuario\.m2\repository\com\jayway\jsonpath\json-path\2.9.0\json-path-2.9.0.jar;C:\Users\Usuario\.m2\repository\jakarta\xml\bind\jakarta.xml.bind-api\4.0.2\jakarta.xml.bind-api-4.0.2.jar;C:\Users\Usuario\.m2\repository\jakarta\activation\jakarta.activation-api\2.1.3\jakarta.activation-api-2.1.3.jar;C:\Users\Usuario\.m2\repository\net\minidev\json-smart\2.5.1\json-smart-2.5.1.jar;C:\Users\Usuario\.m2\repository\net\minidev\accessors-smart\2.5.1\accessors-smart-2.5.1.jar;C:\Users\Usuario\.m2\repository\org\ow2\asm\asm\9.6\asm-9.6.jar;C:\Users\Usuario\.m2\repository\org\assertj\assertj-core\3.24.2\assertj-core-3.24.2.jar;C:\Users\Usuario\.m2\repository\org\awaitility\awaitility\4.2.1\awaitility-4.2.1.jar;C:\Users\Usuario\.m2\repository\org\hamcrest\hamcrest\2.2\hamcrest-2.2.jar;C:\Users\Usuario\.m2\repository\org\junit\jupiter\junit-jupiter\5.10.2\junit-jupiter-5.10.2.jar;C:\Users\Usuario\.m2\repository\org\junit\jupiter\junit-jupiter-api\5.10.2\junit-jupiter-api-5.10.2.jar;C:\Users\Usuario\.m2\repository\org\opentest4j\opentest4j\1.3.0\opentest4j-1.3.0.jar;C:\Users\Usuario\.m2\repository\org\junit\platform\junit-platform-commons\1.10.2\junit-platform-commons-1.10.2.jar;C:\Users\Usuario\.m2\repository\org\apiguardian\apiguardian-api\1.1.2\apiguardian-api-1.1.2.jar;C:\Users\Usuario\.m2\repository\org\junit\jupiter\junit-jupiter-params\5.10.2\junit-jupiter-params-5.10.2.jar;C:\Users\Usuario\.m2\repository\org\junit\jupiter\junit-jupiter-engine\5.10.2\junit-jupiter-engine-5.10.2.jar;C:\Users\Usuario\.m2\repository\org\junit\platform\junit-platform-engine\1.10.2\junit-platform-engine-1.10.2.jar;C:\Users\Usuario\.m2\repository\org\mockito\mockito-core\5.7.0\mockito-core-5.7.0.jar;C:\Users\Usuario\.m2\repository\net\bytebuddy\byte-buddy-agent\1.14.13\byte-buddy-agent-1.14.13.jar;C:\Users\Usuario\.m2\repository\org\objenesis\objenesis\3.3\objenesis-3.3.jar;C:\Users\Usuario\.m2\repository\org\mockito\mockito-junit-jupiter\5.7.0\mockito-junit-jupiter-5.7.0.jar;C:\Users\Usuario\.m2\repository\org\skyscreamer\jsonassert\1.5.1\jsonassert-1.5.1.jar;C:\Users\Usuario\.m2\repository\com\vaadin\external\google\android-json\0.0.20131108.vaadin1\android-json-0.0.20131108.vaadin1.jar;C:\Users\Usuario\.m2\repository\org\springframework\spring-test\6.1.6\spring-test-6.1.6.jar;C:\Users\Usuario\.m2\repository\org\xmlunit\xmlunit-core\2.9.1\xmlunit-core-2.9.1.jar;C:\Users\Usuario\.m2\repository\org\projectlombok\lombok\1.18.32\lombok-1.18.32.jar;C:\Users\Usuario\.m2\repository\org\mapstruct\mapstruct\1.5.5.Final\mapstruct-1.5.5.Final.jar;C:\Users\Usuario\.m2\repository\javax\persistence\javax.persistence-api\2.2\javax.persistence-api-2.2.jar
Launcher Type: SUN_STANDARD

[Global flags]
     intx CICompilerCount                          = 4                                         {product} {ergonomic}
     uint ConcGCThreads                            = 2                                         {product} {ergonomic}
     uint G1ConcRefinementThreads                  = 8                                         {product} {ergonomic}
   size_t G1HeapRegionSize                         = 1048576                                   {product} {ergonomic}
   size_t InitialHeapSize                          = 134217728                                 {product} {ergonomic}
   size_t MarkStackSize                            = 4194304                                   {product} {ergonomic}
   size_t MaxHeapSize                              = 2126512128                                {product} {ergonomic}
   size_t MaxNewSize                               = 1275068416                                {product} {ergonomic}
   size_t MinHeapDeltaBytes                        = 1048576                                   {product} {ergonomic}
   size_t MinHeapSize                              = 8388608                                   {product} {ergonomic}
    uintx NonNMethodCodeHeapSize                   = 5839372                                {pd product} {ergonomic}
    uintx NonProfiledCodeHeapSize                  = 122909434                              {pd product} {ergonomic}
    uintx ProfiledCodeHeapSize                     = 122909434                              {pd product} {ergonomic}
    uintx ReservedCodeCacheSize                    = 251658240                              {pd product} {ergonomic}
     bool SegmentedCodeCache                       = true                                      {product} {ergonomic}
   size_t SoftMaxHeapSize                          = 2126512128                             {manageable} {ergonomic}
     bool UseCompressedOops                        = true                           {product lp64_product} {ergonomic}
     bool UseG1GC                                  = true                                      {product} {ergonomic}
     bool UseLargePagesIndividualAllocation        = false                                  {pd product} {ergonomic}

Logging:
Log output configuration:
 #0: stdout all=warning uptime,level,tags foldmultilines=false
 #1: stderr all=off uptime,level,tags foldmultilines=false

Environment Variables:
PATH=C:\oraclexe\app\oracle\product\11.2.0\server\bin;C:\Program Files (x86)\Common Files\Oracle\Java\javapath;C:\WINDOWS\system32;C:\WINDOWS;C:\WINDOWS\System32\Wbem;C:\WINDOWS\System32\WindowsPowerShell\v1.0\;C:\WINDOWS\System32\OpenSSH\;C:\Program Files\dotnet\;C:\Program Files\Microsoft SQL Server\130\Tools\Binn\;C:\wamp64\bin\php\php7.3.21\;C:\Users\Usuario\AppData\Local\Microsoft\WindowsApps
USERNAME=Usuario
OS=Windows_NT
PROCESSOR_IDENTIFIER=Intel64 Family 6 Model 142 Stepping 10, GenuineIntel
TMP=C:\Users\Usuario\AppData\Local\Temp
TEMP=C:\Users\Usuario\AppData\Local\Temp




Periodic native trim disabled

---------------  S Y S T E M  ---------------

OS:
 Windows 11 , 64 bit Build 22000 (10.0.22000.2538)
OS uptime: 168 days 9:11 hours

CPU: total 8 (initial active 8) (4 cores per cpu, 2 threads per core) family 6 model 142 stepping 10 microcode 0xe0, cx8, cmov, fxsr, ht, mmx, 3dnowpref, sse, sse2, sse3, ssse3, sse4.1, sse4.2, popcnt, lzcnt, tsc, tscinvbit, avx, avx2, aes, erms, clmul, bmi1, bmi2, adx, fma, vzeroupper, clflush, clflushopt, rdtscp, f16c
Processor Information for all 8 processors :
  Max Mhz: 1801, Current Mhz: 1801, Mhz Limit: 1801

Memory: 4k page, system-wide physical 8107M (384M free)
TotalPageFile size 32683M (AvailPageFile size 3M)
current process WorkingSet (physical memory assigned to process): 150M, peak: 152M
current process commit charge ("private bytes"): 198M, peak: 260M

vm_info: OpenJDK 64-Bit Server VM (22.0.1+8-16) for windows-amd64 JRE (22.0.1+8-16), built on 2024-03-12T10:33:16Z by "mach5one" with MS VC++ 17.6 (VS2022)

END.
